<?xml version="1.0" encoding="UTF-8"?>
<robot generator="Robot 3.2.1 (Python 3.8.5 on win32)" generated="20210528 14:48:58.405" rpa="false">
<suite id="s1" name="Tests" source="C:\Users\Shane Noonan\Documents\GitHub\Challenge\tests">
<suite id="s1-s1" name="Challenge API Tests" source="C:\Users\Shane Noonan\Documents\GitHub\Challenge\tests\Challenge_API_Tests.robot">
<test id="s1-s1-t1" name="Assert Valid API Response For Input -5">
<kw name="Given I create a session on API for -5" library="challenge_steps">
<kw name="Create Session" library="RequestsLibrary">
<doc>Create Session: create a HTTP session to a server</doc>
<arguments>
<arg>alias=AddData</arg>
<arg>url=${home_url}</arg>
</arguments>
<msg timestamp="20210528 14:48:58.879" level="INFO">Creating Session using : alias=AddData, url=http://qainterview.pythonanywhere.com, headers={},                     cookies={}, auth=None, timeout=None, proxies=None, verify=False,                     debug=0 </msg>
<status status="PASS" starttime="20210528 14:48:58.878" endtime="20210528 14:48:58.879"></status>
</kw>
<kw name="Create Dictionary" library="BuiltIn">
<doc>Creates and returns a dictionary based on the given ``items``.</doc>
<arguments>
<arg>number=${integer}</arg>
</arguments>
<assign>
<var>${body}</var>
</assign>
<msg timestamp="20210528 14:48:58.880" level="INFO">${body} = {'number': '-5'}</msg>
<status status="PASS" starttime="20210528 14:48:58.879" endtime="20210528 14:48:58.880"></status>
</kw>
<kw name="Post On Session" library="RequestsLibrary">
<doc>Sends a POST request on a previously created HTTP Session.</doc>
<arguments>
<arg>AddData</arg>
<arg>url=/factorial</arg>
<arg>data=${body}</arg>
</arguments>
<assign>
<var>${response}</var>
</assign>
<msg timestamp="20210528 14:48:59.473" level="INFO">POST Request : url=http://qainterview.pythonanywhere.com/factorial 
 path_url=/factorial 
 headers={'User-Agent': 'python-requests/2.25.1', 'Accept-Encoding': 'gzip, deflate', 'Accept': '*/*', 'Connection': 'keep-alive', 'Content-Length': '9', 'Content-Type': 'application/x-www-form-urlencoded'} 
 body=number=-5 
 </msg>
<msg timestamp="20210528 14:48:59.474" level="INFO">POST Response : url=http://qainterview.pythonanywhere.com/factorial 
 status=500, reason=INTERNAL SERVER ERROR 
 headers={'Date': 'Fri, 28 May 2021 13:48:58 GMT', 'Content-Type': 'text/html', 'Content-Length': '291', 'Connection': 'keep-alive', 'Server': 'PythonAnywhere'} 
 body=&lt;!DOCTYPE HTML PUBLIC "-//W3C//DTD HTML 3.2 Final//EN"&gt;
&lt;title&gt;500 Internal Server Error&lt;/title&gt;
&lt;h1&gt;Internal Server Error&lt;/h1&gt;
&lt;p&gt;The server encountered an internal error and was unable to complete your request.  Either the server is overloaded or there is an error in the application.&lt;/p&gt;
 
 </msg>
<msg timestamp="20210528 14:48:59.478" level="FAIL">HTTPError: 500 Server Error: INTERNAL SERVER ERROR for url: http://qainterview.pythonanywhere.com/factorial</msg>
<status status="FAIL" starttime="20210528 14:48:58.880" endtime="20210528 14:48:59.478"></status>
</kw>
<status status="FAIL" starttime="20210528 14:48:58.878" endtime="20210528 14:48:59.478"></status>
</kw>
<tags>
<tag>API Tests</tag>
</tags>
<status status="FAIL" starttime="20210528 14:48:58.877" endtime="20210528 14:48:59.479" critical="yes">HTTPError: 500 Server Error: INTERNAL SERVER ERROR for url: http://qainterview.pythonanywhere.com/factorial</status>
</test>
<test id="s1-s1-t2" name="Assert Valid API Response For Input 0">
<kw name="Given I create a session on API for 0" library="challenge_steps">
<kw name="Create Session" library="RequestsLibrary">
<doc>Create Session: create a HTTP session to a server</doc>
<arguments>
<arg>alias=AddData</arg>
<arg>url=${home_url}</arg>
</arguments>
<msg timestamp="20210528 14:48:59.483" level="INFO">Creating Session using : alias=AddData, url=http://qainterview.pythonanywhere.com, headers={},                     cookies={}, auth=None, timeout=None, proxies=None, verify=False,                     debug=0 </msg>
<status status="PASS" starttime="20210528 14:48:59.482" endtime="20210528 14:48:59.483"></status>
</kw>
<kw name="Create Dictionary" library="BuiltIn">
<doc>Creates and returns a dictionary based on the given ``items``.</doc>
<arguments>
<arg>number=${integer}</arg>
</arguments>
<assign>
<var>${body}</var>
</assign>
<msg timestamp="20210528 14:48:59.483" level="INFO">${body} = {'number': '0'}</msg>
<status status="PASS" starttime="20210528 14:48:59.483" endtime="20210528 14:48:59.484"></status>
</kw>
<kw name="Post On Session" library="RequestsLibrary">
<doc>Sends a POST request on a previously created HTTP Session.</doc>
<arguments>
<arg>AddData</arg>
<arg>url=/factorial</arg>
<arg>data=${body}</arg>
</arguments>
<assign>
<var>${response}</var>
</assign>
<msg timestamp="20210528 14:48:59.736" level="INFO">POST Request : url=http://qainterview.pythonanywhere.com/factorial 
 path_url=/factorial 
 headers={'User-Agent': 'python-requests/2.25.1', 'Accept-Encoding': 'gzip, deflate', 'Accept': '*/*', 'Connection': 'keep-alive', 'Content-Length': '8', 'Content-Type': 'application/x-www-form-urlencoded'} 
 body=number=0 
 </msg>
<msg timestamp="20210528 14:48:59.737" level="INFO">POST Response : url=http://qainterview.pythonanywhere.com/factorial 
 status=200, reason=OK 
 headers={'Date': 'Fri, 28 May 2021 13:48:58 GMT', 'Content-Type': 'application/json', 'Content-Length': '13', 'Connection': 'keep-alive', 'X-Clacks-Overhead': 'GNU Terry Pratchett', 'Server': 'PythonAnywhere'} 
 body={"answer":1}
 
 </msg>
<msg timestamp="20210528 14:48:59.738" level="INFO">${response} = &lt;Response [200]&gt;</msg>
<status status="PASS" starttime="20210528 14:48:59.484" endtime="20210528 14:48:59.738"></status>
</kw>
<kw name="Convert To String" library="BuiltIn">
<doc>Converts the given item to a Unicode string.</doc>
<arguments>
<arg>${response.status_code}</arg>
</arguments>
<assign>
<var>${status_code}</var>
</assign>
<msg timestamp="20210528 14:48:59.740" level="INFO">${status_code} = 200</msg>
<status status="PASS" starttime="20210528 14:48:59.739" endtime="20210528 14:48:59.740"></status>
</kw>
<kw name="Set Global Variable" library="BuiltIn">
<doc>Makes a variable available globally in all tests and suites.</doc>
<arguments>
<arg>${status_code}</arg>
</arguments>
<msg timestamp="20210528 14:48:59.741" level="INFO">${status_code} = 200</msg>
<status status="PASS" starttime="20210528 14:48:59.741" endtime="20210528 14:48:59.741"></status>
</kw>
<kw name="Set Variable" library="BuiltIn">
<doc>Returns the given values which can then be assigned to a variables.</doc>
<arguments>
<arg>${response.json()}</arg>
</arguments>
<assign>
<var>${responseJSON}</var>
</assign>
<msg timestamp="20210528 14:48:59.746" level="INFO">${responseJSON} = {'answer': 1}</msg>
<status status="PASS" starttime="20210528 14:48:59.741" endtime="20210528 14:48:59.746"></status>
</kw>
<kw name="Set Global Variable" library="BuiltIn">
<doc>Makes a variable available globally in all tests and suites.</doc>
<arguments>
<arg>${responseJSON}</arg>
</arguments>
<msg timestamp="20210528 14:48:59.748" level="INFO">${responseJSON} = {'answer': 1}</msg>
<status status="PASS" starttime="20210528 14:48:59.746" endtime="20210528 14:48:59.748"></status>
</kw>
<status status="PASS" starttime="20210528 14:48:59.482" endtime="20210528 14:48:59.750"></status>
</kw>
<kw name="Then I should see a valid response with an answer" library="challenge_steps">
<kw name="Should Be Equal" library="BuiltIn">
<doc>Fails if the given objects are unequal.</doc>
<arguments>
<arg>${status_code}</arg>
<arg>200</arg>
</arguments>
<status status="PASS" starttime="20210528 14:48:59.757" endtime="20210528 14:48:59.758"></status>
</kw>
<kw name="Log To Console" library="BuiltIn">
<doc>Logs the given message to the console.</doc>
<arguments>
<arg>${status_code}</arg>
</arguments>
<status status="PASS" starttime="20210528 14:48:59.758" endtime="20210528 14:48:59.759"></status>
</kw>
<kw name="Should Not Be Empty" library="BuiltIn">
<doc>Verifies that the given item is not empty.</doc>
<arguments>
<arg>${responseJSON}</arg>
</arguments>
<msg timestamp="20210528 14:48:59.761" level="INFO">Length is 1</msg>
<status status="PASS" starttime="20210528 14:48:59.760" endtime="20210528 14:48:59.761"></status>
</kw>
<kw name="Log To Console" library="BuiltIn">
<doc>Logs the given message to the console.</doc>
<arguments>
<arg>${responseJSON}</arg>
</arguments>
<status status="PASS" starttime="20210528 14:48:59.762" endtime="20210528 14:48:59.765"></status>
</kw>
<status status="PASS" starttime="20210528 14:48:59.755" endtime="20210528 14:48:59.767"></status>
</kw>
<tags>
<tag>API Tests</tag>
</tags>
<status status="PASS" starttime="20210528 14:48:59.481" endtime="20210528 14:48:59.773" critical="yes"></status>
</test>
<test id="s1-s1-t3" name="Assert Valid API Response For Input 0.5">
<kw name="Given I create a session on API for 0.5" library="challenge_steps">
<kw name="Create Session" library="RequestsLibrary">
<doc>Create Session: create a HTTP session to a server</doc>
<arguments>
<arg>alias=AddData</arg>
<arg>url=${home_url}</arg>
</arguments>
<msg timestamp="20210528 14:48:59.777" level="INFO">Creating Session using : alias=AddData, url=http://qainterview.pythonanywhere.com, headers={},                     cookies={}, auth=None, timeout=None, proxies=None, verify=False,                     debug=0 </msg>
<status status="PASS" starttime="20210528 14:48:59.777" endtime="20210528 14:48:59.779"></status>
</kw>
<kw name="Create Dictionary" library="BuiltIn">
<doc>Creates and returns a dictionary based on the given ``items``.</doc>
<arguments>
<arg>number=${integer}</arg>
</arguments>
<assign>
<var>${body}</var>
</assign>
<msg timestamp="20210528 14:48:59.784" level="INFO">${body} = {'number': '0.5'}</msg>
<status status="PASS" starttime="20210528 14:48:59.779" endtime="20210528 14:48:59.785"></status>
</kw>
<kw name="Post On Session" library="RequestsLibrary">
<doc>Sends a POST request on a previously created HTTP Session.</doc>
<arguments>
<arg>AddData</arg>
<arg>url=/factorial</arg>
<arg>data=${body}</arg>
</arguments>
<assign>
<var>${response}</var>
</assign>
<msg timestamp="20210528 14:49:00.039" level="INFO">POST Request : url=http://qainterview.pythonanywhere.com/factorial 
 path_url=/factorial 
 headers={'User-Agent': 'python-requests/2.25.1', 'Accept-Encoding': 'gzip, deflate', 'Accept': '*/*', 'Connection': 'keep-alive', 'Content-Length': '10', 'Content-Type': 'application/x-www-form-urlencoded'} 
 body=number=0.5 
 </msg>
<msg timestamp="20210528 14:49:00.039" level="INFO">POST Response : url=http://qainterview.pythonanywhere.com/factorial 
 status=500, reason=INTERNAL SERVER ERROR 
 headers={'Date': 'Fri, 28 May 2021 13:48:59 GMT', 'Content-Type': 'text/html', 'Content-Length': '291', 'Connection': 'keep-alive', 'Server': 'PythonAnywhere'} 
 body=&lt;!DOCTYPE HTML PUBLIC "-//W3C//DTD HTML 3.2 Final//EN"&gt;
&lt;title&gt;500 Internal Server Error&lt;/title&gt;
&lt;h1&gt;Internal Server Error&lt;/h1&gt;
&lt;p&gt;The server encountered an internal error and was unable to complete your request.  Either the server is overloaded or there is an error in the application.&lt;/p&gt;
 
 </msg>
<msg timestamp="20210528 14:49:00.040" level="FAIL">HTTPError: 500 Server Error: INTERNAL SERVER ERROR for url: http://qainterview.pythonanywhere.com/factorial</msg>
<status status="FAIL" starttime="20210528 14:48:59.787" endtime="20210528 14:49:00.040"></status>
</kw>
<status status="FAIL" starttime="20210528 14:48:59.776" endtime="20210528 14:49:00.041"></status>
</kw>
<tags>
<tag>API Tests</tag>
</tags>
<status status="FAIL" starttime="20210528 14:48:59.775" endtime="20210528 14:49:00.041" critical="yes">HTTPError: 500 Server Error: INTERNAL SERVER ERROR for url: http://qainterview.pythonanywhere.com/factorial</status>
</test>
<test id="s1-s1-t4" name="Assert Valid API Response For Input 10">
<kw name="Given I create a session on API for 10" library="challenge_steps">
<kw name="Create Session" library="RequestsLibrary">
<doc>Create Session: create a HTTP session to a server</doc>
<arguments>
<arg>alias=AddData</arg>
<arg>url=${home_url}</arg>
</arguments>
<msg timestamp="20210528 14:49:00.045" level="INFO">Creating Session using : alias=AddData, url=http://qainterview.pythonanywhere.com, headers={},                     cookies={}, auth=None, timeout=None, proxies=None, verify=False,                     debug=0 </msg>
<status status="PASS" starttime="20210528 14:49:00.045" endtime="20210528 14:49:00.045"></status>
</kw>
<kw name="Create Dictionary" library="BuiltIn">
<doc>Creates and returns a dictionary based on the given ``items``.</doc>
<arguments>
<arg>number=${integer}</arg>
</arguments>
<assign>
<var>${body}</var>
</assign>
<msg timestamp="20210528 14:49:00.046" level="INFO">${body} = {'number': '10'}</msg>
<status status="PASS" starttime="20210528 14:49:00.046" endtime="20210528 14:49:00.046"></status>
</kw>
<kw name="Post On Session" library="RequestsLibrary">
<doc>Sends a POST request on a previously created HTTP Session.</doc>
<arguments>
<arg>AddData</arg>
<arg>url=/factorial</arg>
<arg>data=${body}</arg>
</arguments>
<assign>
<var>${response}</var>
</assign>
<msg timestamp="20210528 14:49:00.291" level="INFO">POST Request : url=http://qainterview.pythonanywhere.com/factorial 
 path_url=/factorial 
 headers={'User-Agent': 'python-requests/2.25.1', 'Accept-Encoding': 'gzip, deflate', 'Accept': '*/*', 'Connection': 'keep-alive', 'Content-Length': '9', 'Content-Type': 'application/x-www-form-urlencoded'} 
 body=number=10 
 </msg>
<msg timestamp="20210528 14:49:00.291" level="INFO">POST Response : url=http://qainterview.pythonanywhere.com/factorial 
 status=200, reason=OK 
 headers={'Date': 'Fri, 28 May 2021 13:48:59 GMT', 'Content-Type': 'application/json', 'Content-Length': '19', 'Connection': 'keep-alive', 'X-Clacks-Overhead': 'GNU Terry Pratchett', 'Server': 'PythonAnywhere'} 
 body={"answer":3628800}
 
 </msg>
<msg timestamp="20210528 14:49:00.291" level="INFO">${response} = &lt;Response [200]&gt;</msg>
<status status="PASS" starttime="20210528 14:49:00.046" endtime="20210528 14:49:00.291"></status>
</kw>
<kw name="Convert To String" library="BuiltIn">
<doc>Converts the given item to a Unicode string.</doc>
<arguments>
<arg>${response.status_code}</arg>
</arguments>
<assign>
<var>${status_code}</var>
</assign>
<msg timestamp="20210528 14:49:00.292" level="INFO">${status_code} = 200</msg>
<status status="PASS" starttime="20210528 14:49:00.291" endtime="20210528 14:49:00.292"></status>
</kw>
<kw name="Set Global Variable" library="BuiltIn">
<doc>Makes a variable available globally in all tests and suites.</doc>
<arguments>
<arg>${status_code}</arg>
</arguments>
<msg timestamp="20210528 14:49:00.292" level="INFO">${status_code} = 200</msg>
<status status="PASS" starttime="20210528 14:49:00.292" endtime="20210528 14:49:00.292"></status>
</kw>
<kw name="Set Variable" library="BuiltIn">
<doc>Returns the given values which can then be assigned to a variables.</doc>
<arguments>
<arg>${response.json()}</arg>
</arguments>
<assign>
<var>${responseJSON}</var>
</assign>
<msg timestamp="20210528 14:49:00.293" level="INFO">${responseJSON} = {'answer': 3628800}</msg>
<status status="PASS" starttime="20210528 14:49:00.292" endtime="20210528 14:49:00.293"></status>
</kw>
<kw name="Set Global Variable" library="BuiltIn">
<doc>Makes a variable available globally in all tests and suites.</doc>
<arguments>
<arg>${responseJSON}</arg>
</arguments>
<msg timestamp="20210528 14:49:00.293" level="INFO">${responseJSON} = {'answer': 3628800}</msg>
<status status="PASS" starttime="20210528 14:49:00.293" endtime="20210528 14:49:00.293"></status>
</kw>
<status status="PASS" starttime="20210528 14:49:00.044" endtime="20210528 14:49:00.293"></status>
</kw>
<kw name="Then I should see a valid response with an answer" library="challenge_steps">
<kw name="Should Be Equal" library="BuiltIn">
<doc>Fails if the given objects are unequal.</doc>
<arguments>
<arg>${status_code}</arg>
<arg>200</arg>
</arguments>
<status status="PASS" starttime="20210528 14:49:00.294" endtime="20210528 14:49:00.295"></status>
</kw>
<kw name="Log To Console" library="BuiltIn">
<doc>Logs the given message to the console.</doc>
<arguments>
<arg>${status_code}</arg>
</arguments>
<status status="PASS" starttime="20210528 14:49:00.295" endtime="20210528 14:49:00.295"></status>
</kw>
<kw name="Should Not Be Empty" library="BuiltIn">
<doc>Verifies that the given item is not empty.</doc>
<arguments>
<arg>${responseJSON}</arg>
</arguments>
<msg timestamp="20210528 14:49:00.296" level="INFO">Length is 1</msg>
<status status="PASS" starttime="20210528 14:49:00.295" endtime="20210528 14:49:00.296"></status>
</kw>
<kw name="Log To Console" library="BuiltIn">
<doc>Logs the given message to the console.</doc>
<arguments>
<arg>${responseJSON}</arg>
</arguments>
<status status="PASS" starttime="20210528 14:49:00.296" endtime="20210528 14:49:00.296"></status>
</kw>
<status status="PASS" starttime="20210528 14:49:00.294" endtime="20210528 14:49:00.296"></status>
</kw>
<tags>
<tag>API Tests</tag>
</tags>
<status status="PASS" starttime="20210528 14:49:00.043" endtime="20210528 14:49:00.297" critical="yes"></status>
</test>
<test id="s1-s1-t5" name="Assert Valid API Response For Input 300">
<kw name="Given I create a session on API for 300" library="challenge_steps">
<kw name="Create Session" library="RequestsLibrary">
<doc>Create Session: create a HTTP session to a server</doc>
<arguments>
<arg>alias=AddData</arg>
<arg>url=${home_url}</arg>
</arguments>
<msg timestamp="20210528 14:49:00.301" level="INFO">Creating Session using : alias=AddData, url=http://qainterview.pythonanywhere.com, headers={},                     cookies={}, auth=None, timeout=None, proxies=None, verify=False,                     debug=0 </msg>
<status status="PASS" starttime="20210528 14:49:00.300" endtime="20210528 14:49:00.301"></status>
</kw>
<kw name="Create Dictionary" library="BuiltIn">
<doc>Creates and returns a dictionary based on the given ``items``.</doc>
<arguments>
<arg>number=${integer}</arg>
</arguments>
<assign>
<var>${body}</var>
</assign>
<msg timestamp="20210528 14:49:00.302" level="INFO">${body} = {'number': '300'}</msg>
<status status="PASS" starttime="20210528 14:49:00.301" endtime="20210528 14:49:00.302"></status>
</kw>
<kw name="Post On Session" library="RequestsLibrary">
<doc>Sends a POST request on a previously created HTTP Session.</doc>
<arguments>
<arg>AddData</arg>
<arg>url=/factorial</arg>
<arg>data=${body}</arg>
</arguments>
<assign>
<var>${response}</var>
</assign>
<msg timestamp="20210528 14:49:00.552" level="INFO">POST Request : url=http://qainterview.pythonanywhere.com/factorial 
 path_url=/factorial 
 headers={'User-Agent': 'python-requests/2.25.1', 'Accept-Encoding': 'gzip, deflate', 'Accept': '*/*', 'Connection': 'keep-alive', 'Content-Length': '10', 'Content-Type': 'application/x-www-form-urlencoded'} 
 body=number=300 
 </msg>
<msg timestamp="20210528 14:49:00.552" level="INFO">POST Response : url=http://qainterview.pythonanywhere.com/factorial 
 status=200, reason=OK 
 headers={'Date': 'Fri, 28 May 2021 13:48:59 GMT', 'Content-Type': 'application/json', 'Transfer-Encoding': 'chunked', 'Connection': 'keep-alive', 'Vary': 'Accept-Encoding', 'X-Clacks-Overhead': 'GNU Terry Pratchett', 'Content-Encoding': 'gzip', 'Server': 'PythonAnywhere'} 
 body={"answer":306057512216440636035370461297268629388588804173576999416776741259476533176716867465515291422477573349939147888701726368864263907759003154226842927906974559841225476930271954604008012215776252176854255965356903506788725264321896264299365204576448830388909753943489625436053225980776521270822437639449120128678675368305712293681943649956460498166450227716500185176546469340112226034729724066333258583506870150169794168850353752137554910289126407157154830282284937952636580145235233156936482233436799254594095276820608062232812387383880817049600000000000000000000000000000000000000000000000000000000000000000000000000}
 
 </msg>
<msg timestamp="20210528 14:49:00.552" level="INFO">${response} = &lt;Response [200]&gt;</msg>
<status status="PASS" starttime="20210528 14:49:00.302" endtime="20210528 14:49:00.552"></status>
</kw>
<kw name="Convert To String" library="BuiltIn">
<doc>Converts the given item to a Unicode string.</doc>
<arguments>
<arg>${response.status_code}</arg>
</arguments>
<assign>
<var>${status_code}</var>
</assign>
<msg timestamp="20210528 14:49:00.553" level="INFO">${status_code} = 200</msg>
<status status="PASS" starttime="20210528 14:49:00.552" endtime="20210528 14:49:00.553"></status>
</kw>
<kw name="Set Global Variable" library="BuiltIn">
<doc>Makes a variable available globally in all tests and suites.</doc>
<arguments>
<arg>${status_code}</arg>
</arguments>
<msg timestamp="20210528 14:49:00.553" level="INFO">${status_code} = 200</msg>
<status status="PASS" starttime="20210528 14:49:00.553" endtime="20210528 14:49:00.553"></status>
</kw>
<kw name="Set Variable" library="BuiltIn">
<doc>Returns the given values which can then be assigned to a variables.</doc>
<arguments>
<arg>${response.json()}</arg>
</arguments>
<assign>
<var>${responseJSON}</var>
</assign>
<msg timestamp="20210528 14:49:00.554" level="INFO">${responseJSON} = {'answer': 306057512216440636035370461297268629388588804173576999416776741259476533176716867465515291422477573349939147888701726368864263907759003154226842927906974559841225476930271954604008012215776...</msg>
<status status="PASS" starttime="20210528 14:49:00.553" endtime="20210528 14:49:00.554"></status>
</kw>
<kw name="Set Global Variable" library="BuiltIn">
<doc>Makes a variable available globally in all tests and suites.</doc>
<arguments>
<arg>${responseJSON}</arg>
</arguments>
<msg timestamp="20210528 14:49:00.554" level="INFO">${responseJSON} = {'answer': 306057512216440636035370461297268629388588804173576999416776741259476533176716867465515291422477573349939147888701726368864263907759003154226842927906974559841225476930271954604008012215776...</msg>
<status status="PASS" starttime="20210528 14:49:00.554" endtime="20210528 14:49:00.554"></status>
</kw>
<status status="PASS" starttime="20210528 14:49:00.300" endtime="20210528 14:49:00.554"></status>
</kw>
<kw name="Then I should see a valid response with an answer" library="challenge_steps">
<kw name="Should Be Equal" library="BuiltIn">
<doc>Fails if the given objects are unequal.</doc>
<arguments>
<arg>${status_code}</arg>
<arg>200</arg>
</arguments>
<status status="PASS" starttime="20210528 14:49:00.555" endtime="20210528 14:49:00.556"></status>
</kw>
<kw name="Log To Console" library="BuiltIn">
<doc>Logs the given message to the console.</doc>
<arguments>
<arg>${status_code}</arg>
</arguments>
<status status="PASS" starttime="20210528 14:49:00.556" endtime="20210528 14:49:00.556"></status>
</kw>
<kw name="Should Not Be Empty" library="BuiltIn">
<doc>Verifies that the given item is not empty.</doc>
<arguments>
<arg>${responseJSON}</arg>
</arguments>
<msg timestamp="20210528 14:49:00.556" level="INFO">Length is 1</msg>
<status status="PASS" starttime="20210528 14:49:00.556" endtime="20210528 14:49:00.556"></status>
</kw>
<kw name="Log To Console" library="BuiltIn">
<doc>Logs the given message to the console.</doc>
<arguments>
<arg>${responseJSON}</arg>
</arguments>
<status status="PASS" starttime="20210528 14:49:00.556" endtime="20210528 14:49:00.557"></status>
</kw>
<status status="PASS" starttime="20210528 14:49:00.555" endtime="20210528 14:49:00.557"></status>
</kw>
<tags>
<tag>API Tests</tag>
</tags>
<status status="PASS" starttime="20210528 14:49:00.299" endtime="20210528 14:49:00.558" critical="yes"></status>
</test>
<test id="s1-s1-t6" name="Assert Valid API Response For Input 1000">
<kw name="Given I create a session on API for 1000" library="challenge_steps">
<kw name="Create Session" library="RequestsLibrary">
<doc>Create Session: create a HTTP session to a server</doc>
<arguments>
<arg>alias=AddData</arg>
<arg>url=${home_url}</arg>
</arguments>
<msg timestamp="20210528 14:49:00.561" level="INFO">Creating Session using : alias=AddData, url=http://qainterview.pythonanywhere.com, headers={},                     cookies={}, auth=None, timeout=None, proxies=None, verify=False,                     debug=0 </msg>
<status status="PASS" starttime="20210528 14:49:00.560" endtime="20210528 14:49:00.561"></status>
</kw>
<kw name="Create Dictionary" library="BuiltIn">
<doc>Creates and returns a dictionary based on the given ``items``.</doc>
<arguments>
<arg>number=${integer}</arg>
</arguments>
<assign>
<var>${body}</var>
</assign>
<msg timestamp="20210528 14:49:00.562" level="INFO">${body} = {'number': '1000'}</msg>
<status status="PASS" starttime="20210528 14:49:00.561" endtime="20210528 14:49:00.562"></status>
</kw>
<kw name="Post On Session" library="RequestsLibrary">
<doc>Sends a POST request on a previously created HTTP Session.</doc>
<arguments>
<arg>AddData</arg>
<arg>url=/factorial</arg>
<arg>data=${body}</arg>
</arguments>
<assign>
<var>${response}</var>
</assign>
<msg timestamp="20210528 14:49:01.069" level="INFO">POST Request : url=http://qainterview.pythonanywhere.com/factorial 
 path_url=/factorial 
 headers={'User-Agent': 'python-requests/2.25.1', 'Accept-Encoding': 'gzip, deflate', 'Accept': '*/*', 'Connection': 'keep-alive', 'Content-Length': '11', 'Content-Type': 'application/x-www-form-urlencoded'} 
 body=number=1000 
 </msg>
<msg timestamp="20210528 14:49:01.069" level="INFO">POST Response : url=http://qainterview.pythonanywhere.com/factorial 
 status=500, reason=INTERNAL SERVER ERROR 
 headers={'Date': 'Fri, 28 May 2021 13:49:00 GMT', 'Content-Type': 'text/html', 'Content-Length': '291', 'Connection': 'keep-alive', 'Server': 'PythonAnywhere'} 
 body=&lt;!DOCTYPE HTML PUBLIC "-//W3C//DTD HTML 3.2 Final//EN"&gt;
&lt;title&gt;500 Internal Server Error&lt;/title&gt;
&lt;h1&gt;Internal Server Error&lt;/h1&gt;
&lt;p&gt;The server encountered an internal error and was unable to complete your request.  Either the server is overloaded or there is an error in the application.&lt;/p&gt;
 
 </msg>
<msg timestamp="20210528 14:49:01.069" level="FAIL">HTTPError: 500 Server Error: INTERNAL SERVER ERROR for url: http://qainterview.pythonanywhere.com/factorial</msg>
<status status="FAIL" starttime="20210528 14:49:00.562" endtime="20210528 14:49:01.069"></status>
</kw>
<status status="FAIL" starttime="20210528 14:49:00.560" endtime="20210528 14:49:01.069"></status>
</kw>
<tags>
<tag>API Tests</tag>
</tags>
<status status="FAIL" starttime="20210528 14:49:00.559" endtime="20210528 14:49:01.070" critical="yes">HTTPError: 500 Server Error: INTERNAL SERVER ERROR for url: http://qainterview.pythonanywhere.com/factorial</status>
</test>
<test id="s1-s1-t7" name="Assert Valid API Response For Input !@%">
<kw name="Given I create a session on API for !@%" library="challenge_steps">
<kw name="Create Session" library="RequestsLibrary">
<doc>Create Session: create a HTTP session to a server</doc>
<arguments>
<arg>alias=AddData</arg>
<arg>url=${home_url}</arg>
</arguments>
<msg timestamp="20210528 14:49:01.074" level="INFO">Creating Session using : alias=AddData, url=http://qainterview.pythonanywhere.com, headers={},                     cookies={}, auth=None, timeout=None, proxies=None, verify=False,                     debug=0 </msg>
<status status="PASS" starttime="20210528 14:49:01.074" endtime="20210528 14:49:01.075"></status>
</kw>
<kw name="Create Dictionary" library="BuiltIn">
<doc>Creates and returns a dictionary based on the given ``items``.</doc>
<arguments>
<arg>number=${integer}</arg>
</arguments>
<assign>
<var>${body}</var>
</assign>
<msg timestamp="20210528 14:49:01.076" level="INFO">${body} = {'number': '!@%'}</msg>
<status status="PASS" starttime="20210528 14:49:01.075" endtime="20210528 14:49:01.076"></status>
</kw>
<kw name="Post On Session" library="RequestsLibrary">
<doc>Sends a POST request on a previously created HTTP Session.</doc>
<arguments>
<arg>AddData</arg>
<arg>url=/factorial</arg>
<arg>data=${body}</arg>
</arguments>
<assign>
<var>${response}</var>
</assign>
<msg timestamp="20210528 14:49:01.318" level="INFO">POST Request : url=http://qainterview.pythonanywhere.com/factorial 
 path_url=/factorial 
 headers={'User-Agent': 'python-requests/2.25.1', 'Accept-Encoding': 'gzip, deflate', 'Accept': '*/*', 'Connection': 'keep-alive', 'Content-Length': '16', 'Content-Type': 'application/x-www-form-urlencoded'} 
 body=number=%21%40%25 
 </msg>
<msg timestamp="20210528 14:49:01.318" level="INFO">POST Response : url=http://qainterview.pythonanywhere.com/factorial 
 status=500, reason=INTERNAL SERVER ERROR 
 headers={'Date': 'Fri, 28 May 2021 13:49:00 GMT', 'Content-Type': 'text/html', 'Content-Length': '291', 'Connection': 'keep-alive', 'Server': 'PythonAnywhere'} 
 body=&lt;!DOCTYPE HTML PUBLIC "-//W3C//DTD HTML 3.2 Final//EN"&gt;
&lt;title&gt;500 Internal Server Error&lt;/title&gt;
&lt;h1&gt;Internal Server Error&lt;/h1&gt;
&lt;p&gt;The server encountered an internal error and was unable to complete your request.  Either the server is overloaded or there is an error in the application.&lt;/p&gt;
 
 </msg>
<msg timestamp="20210528 14:49:01.319" level="FAIL">HTTPError: 500 Server Error: INTERNAL SERVER ERROR for url: http://qainterview.pythonanywhere.com/factorial</msg>
<status status="FAIL" starttime="20210528 14:49:01.076" endtime="20210528 14:49:01.319"></status>
</kw>
<status status="FAIL" starttime="20210528 14:49:01.073" endtime="20210528 14:49:01.319"></status>
</kw>
<tags>
<tag>API Tests</tag>
</tags>
<status status="FAIL" starttime="20210528 14:49:01.072" endtime="20210528 14:49:01.320" critical="yes">HTTPError: 500 Server Error: INTERNAL SERVER ERROR for url: http://qainterview.pythonanywhere.com/factorial</status>
</test>
<test id="s1-s1-t8" name="Assert Valid API Response For Input 100e+2">
<kw name="Given I create a session on API for 100e+2" library="challenge_steps">
<kw name="Create Session" library="RequestsLibrary">
<doc>Create Session: create a HTTP session to a server</doc>
<arguments>
<arg>alias=AddData</arg>
<arg>url=${home_url}</arg>
</arguments>
<msg timestamp="20210528 14:49:01.324" level="INFO">Creating Session using : alias=AddData, url=http://qainterview.pythonanywhere.com, headers={},                     cookies={}, auth=None, timeout=None, proxies=None, verify=False,                     debug=0 </msg>
<status status="PASS" starttime="20210528 14:49:01.324" endtime="20210528 14:49:01.325"></status>
</kw>
<kw name="Create Dictionary" library="BuiltIn">
<doc>Creates and returns a dictionary based on the given ``items``.</doc>
<arguments>
<arg>number=${integer}</arg>
</arguments>
<assign>
<var>${body}</var>
</assign>
<msg timestamp="20210528 14:49:01.325" level="INFO">${body} = {'number': '100e+2'}</msg>
<status status="PASS" starttime="20210528 14:49:01.325" endtime="20210528 14:49:01.325"></status>
</kw>
<kw name="Post On Session" library="RequestsLibrary">
<doc>Sends a POST request on a previously created HTTP Session.</doc>
<arguments>
<arg>AddData</arg>
<arg>url=/factorial</arg>
<arg>data=${body}</arg>
</arguments>
<assign>
<var>${response}</var>
</assign>
<msg timestamp="20210528 14:49:01.574" level="INFO">POST Request : url=http://qainterview.pythonanywhere.com/factorial 
 path_url=/factorial 
 headers={'User-Agent': 'python-requests/2.25.1', 'Accept-Encoding': 'gzip, deflate', 'Accept': '*/*', 'Connection': 'keep-alive', 'Content-Length': '15', 'Content-Type': 'application/x-www-form-urlencoded'} 
 body=number=100e%2B2 
 </msg>
<msg timestamp="20210528 14:49:01.574" level="INFO">POST Response : url=http://qainterview.pythonanywhere.com/factorial 
 status=500, reason=INTERNAL SERVER ERROR 
 headers={'Date': 'Fri, 28 May 2021 13:49:00 GMT', 'Content-Type': 'text/html', 'Content-Length': '291', 'Connection': 'keep-alive', 'Server': 'PythonAnywhere'} 
 body=&lt;!DOCTYPE HTML PUBLIC "-//W3C//DTD HTML 3.2 Final//EN"&gt;
&lt;title&gt;500 Internal Server Error&lt;/title&gt;
&lt;h1&gt;Internal Server Error&lt;/h1&gt;
&lt;p&gt;The server encountered an internal error and was unable to complete your request.  Either the server is overloaded or there is an error in the application.&lt;/p&gt;
 
 </msg>
<msg timestamp="20210528 14:49:01.575" level="FAIL">HTTPError: 500 Server Error: INTERNAL SERVER ERROR for url: http://qainterview.pythonanywhere.com/factorial</msg>
<status status="FAIL" starttime="20210528 14:49:01.325" endtime="20210528 14:49:01.575"></status>
</kw>
<status status="FAIL" starttime="20210528 14:49:01.324" endtime="20210528 14:49:01.576"></status>
</kw>
<tags>
<tag>API Tests</tag>
</tags>
<status status="FAIL" starttime="20210528 14:49:01.323" endtime="20210528 14:49:01.576" critical="yes">HTTPError: 500 Server Error: INTERNAL SERVER ERROR for url: http://qainterview.pythonanywhere.com/factorial</status>
</test>
<test id="s1-s1-t9" name="Assert Valid API Response For Input +101">
<kw name="Given I create a session on API for +101" library="challenge_steps">
<kw name="Create Session" library="RequestsLibrary">
<doc>Create Session: create a HTTP session to a server</doc>
<arguments>
<arg>alias=AddData</arg>
<arg>url=${home_url}</arg>
</arguments>
<msg timestamp="20210528 14:49:01.580" level="INFO">Creating Session using : alias=AddData, url=http://qainterview.pythonanywhere.com, headers={},                     cookies={}, auth=None, timeout=None, proxies=None, verify=False,                     debug=0 </msg>
<status status="PASS" starttime="20210528 14:49:01.580" endtime="20210528 14:49:01.580"></status>
</kw>
<kw name="Create Dictionary" library="BuiltIn">
<doc>Creates and returns a dictionary based on the given ``items``.</doc>
<arguments>
<arg>number=${integer}</arg>
</arguments>
<assign>
<var>${body}</var>
</assign>
<msg timestamp="20210528 14:49:01.581" level="INFO">${body} = {'number': '+101'}</msg>
<status status="PASS" starttime="20210528 14:49:01.580" endtime="20210528 14:49:01.581"></status>
</kw>
<kw name="Post On Session" library="RequestsLibrary">
<doc>Sends a POST request on a previously created HTTP Session.</doc>
<arguments>
<arg>AddData</arg>
<arg>url=/factorial</arg>
<arg>data=${body}</arg>
</arguments>
<assign>
<var>${response}</var>
</assign>
<msg timestamp="20210528 14:49:01.828" level="INFO">POST Request : url=http://qainterview.pythonanywhere.com/factorial 
 path_url=/factorial 
 headers={'User-Agent': 'python-requests/2.25.1', 'Accept-Encoding': 'gzip, deflate', 'Accept': '*/*', 'Connection': 'keep-alive', 'Content-Length': '13', 'Content-Type': 'application/x-www-form-urlencoded'} 
 body=number=%2B101 
 </msg>
<msg timestamp="20210528 14:49:01.828" level="INFO">POST Response : url=http://qainterview.pythonanywhere.com/factorial 
 status=200, reason=OK 
 headers={'Date': 'Fri, 28 May 2021 13:49:01 GMT', 'Content-Type': 'application/json', 'Content-Length': '172', 'Connection': 'keep-alive', 'X-Clacks-Overhead': 'GNU Terry Pratchett', 'Server': 'PythonAnywhere'} 
 body={"answer":9425947759838359420851623124482936749562312794702543768327889353416977599316221476503087861591808346911623490003549599583369706302603264000000000000000000000000}
 
 </msg>
<msg timestamp="20210528 14:49:01.828" level="INFO">${response} = &lt;Response [200]&gt;</msg>
<status status="PASS" starttime="20210528 14:49:01.581" endtime="20210528 14:49:01.828"></status>
</kw>
<kw name="Convert To String" library="BuiltIn">
<doc>Converts the given item to a Unicode string.</doc>
<arguments>
<arg>${response.status_code}</arg>
</arguments>
<assign>
<var>${status_code}</var>
</assign>
<msg timestamp="20210528 14:49:01.829" level="INFO">${status_code} = 200</msg>
<status status="PASS" starttime="20210528 14:49:01.829" endtime="20210528 14:49:01.829"></status>
</kw>
<kw name="Set Global Variable" library="BuiltIn">
<doc>Makes a variable available globally in all tests and suites.</doc>
<arguments>
<arg>${status_code}</arg>
</arguments>
<msg timestamp="20210528 14:49:01.830" level="INFO">${status_code} = 200</msg>
<status status="PASS" starttime="20210528 14:49:01.830" endtime="20210528 14:49:01.831"></status>
</kw>
<kw name="Set Variable" library="BuiltIn">
<doc>Returns the given values which can then be assigned to a variables.</doc>
<arguments>
<arg>${response.json()}</arg>
</arguments>
<assign>
<var>${responseJSON}</var>
</assign>
<msg timestamp="20210528 14:49:01.831" level="INFO">${responseJSON} = {'answer': 9425947759838359420851623124482936749562312794702543768327889353416977599316221476503087861591808346911623490003549599583369706302603264000000000000000000000000}</msg>
<status status="PASS" starttime="20210528 14:49:01.831" endtime="20210528 14:49:01.831"></status>
</kw>
<kw name="Set Global Variable" library="BuiltIn">
<doc>Makes a variable available globally in all tests and suites.</doc>
<arguments>
<arg>${responseJSON}</arg>
</arguments>
<msg timestamp="20210528 14:49:01.832" level="INFO">${responseJSON} = {'answer': 9425947759838359420851623124482936749562312794702543768327889353416977599316221476503087861591808346911623490003549599583369706302603264000000000000000000000000}</msg>
<status status="PASS" starttime="20210528 14:49:01.832" endtime="20210528 14:49:01.832"></status>
</kw>
<status status="PASS" starttime="20210528 14:49:01.579" endtime="20210528 14:49:01.833"></status>
</kw>
<kw name="Then I should see a valid response with an answer" library="challenge_steps">
<kw name="Should Be Equal" library="BuiltIn">
<doc>Fails if the given objects are unequal.</doc>
<arguments>
<arg>${status_code}</arg>
<arg>200</arg>
</arguments>
<status status="PASS" starttime="20210528 14:49:01.835" endtime="20210528 14:49:01.835"></status>
</kw>
<kw name="Log To Console" library="BuiltIn">
<doc>Logs the given message to the console.</doc>
<arguments>
<arg>${status_code}</arg>
</arguments>
<status status="PASS" starttime="20210528 14:49:01.836" endtime="20210528 14:49:01.836"></status>
</kw>
<kw name="Should Not Be Empty" library="BuiltIn">
<doc>Verifies that the given item is not empty.</doc>
<arguments>
<arg>${responseJSON}</arg>
</arguments>
<msg timestamp="20210528 14:49:01.837" level="INFO">Length is 1</msg>
<status status="PASS" starttime="20210528 14:49:01.837" endtime="20210528 14:49:01.837"></status>
</kw>
<kw name="Log To Console" library="BuiltIn">
<doc>Logs the given message to the console.</doc>
<arguments>
<arg>${responseJSON}</arg>
</arguments>
<status status="PASS" starttime="20210528 14:49:01.837" endtime="20210528 14:49:01.838"></status>
</kw>
<status status="PASS" starttime="20210528 14:49:01.834" endtime="20210528 14:49:01.839"></status>
</kw>
<tags>
<tag>API Tests</tag>
</tags>
<status status="PASS" starttime="20210528 14:49:01.578" endtime="20210528 14:49:01.841" critical="yes"></status>
</test>
<test id="s1-s1-t10" name="Assert Valid API Response For Input 12fr11">
<kw name="Given I create a session on API for 12fr11" library="challenge_steps">
<kw name="Create Session" library="RequestsLibrary">
<doc>Create Session: create a HTTP session to a server</doc>
<arguments>
<arg>alias=AddData</arg>
<arg>url=${home_url}</arg>
</arguments>
<msg timestamp="20210528 14:49:01.845" level="INFO">Creating Session using : alias=AddData, url=http://qainterview.pythonanywhere.com, headers={},                     cookies={}, auth=None, timeout=None, proxies=None, verify=False,                     debug=0 </msg>
<status status="PASS" starttime="20210528 14:49:01.845" endtime="20210528 14:49:01.845"></status>
</kw>
<kw name="Create Dictionary" library="BuiltIn">
<doc>Creates and returns a dictionary based on the given ``items``.</doc>
<arguments>
<arg>number=${integer}</arg>
</arguments>
<assign>
<var>${body}</var>
</assign>
<msg timestamp="20210528 14:49:01.846" level="INFO">${body} = {'number': '12fr11'}</msg>
<status status="PASS" starttime="20210528 14:49:01.846" endtime="20210528 14:49:01.846"></status>
</kw>
<kw name="Post On Session" library="RequestsLibrary">
<doc>Sends a POST request on a previously created HTTP Session.</doc>
<arguments>
<arg>AddData</arg>
<arg>url=/factorial</arg>
<arg>data=${body}</arg>
</arguments>
<assign>
<var>${response}</var>
</assign>
<msg timestamp="20210528 14:49:02.093" level="INFO">POST Request : url=http://qainterview.pythonanywhere.com/factorial 
 path_url=/factorial 
 headers={'User-Agent': 'python-requests/2.25.1', 'Accept-Encoding': 'gzip, deflate', 'Accept': '*/*', 'Connection': 'keep-alive', 'Content-Length': '13', 'Content-Type': 'application/x-www-form-urlencoded'} 
 body=number=12fr11 
 </msg>
<msg timestamp="20210528 14:49:02.093" level="INFO">POST Response : url=http://qainterview.pythonanywhere.com/factorial 
 status=500, reason=INTERNAL SERVER ERROR 
 headers={'Date': 'Fri, 28 May 2021 13:49:01 GMT', 'Content-Type': 'text/html', 'Content-Length': '291', 'Connection': 'keep-alive', 'Server': 'PythonAnywhere'} 
 body=&lt;!DOCTYPE HTML PUBLIC "-//W3C//DTD HTML 3.2 Final//EN"&gt;
&lt;title&gt;500 Internal Server Error&lt;/title&gt;
&lt;h1&gt;Internal Server Error&lt;/h1&gt;
&lt;p&gt;The server encountered an internal error and was unable to complete your request.  Either the server is overloaded or there is an error in the application.&lt;/p&gt;
 
 </msg>
<msg timestamp="20210528 14:49:02.096" level="FAIL">HTTPError: 500 Server Error: INTERNAL SERVER ERROR for url: http://qainterview.pythonanywhere.com/factorial</msg>
<status status="FAIL" starttime="20210528 14:49:01.846" endtime="20210528 14:49:02.096"></status>
</kw>
<status status="FAIL" starttime="20210528 14:49:01.844" endtime="20210528 14:49:02.097"></status>
</kw>
<tags>
<tag>API Tests</tag>
</tags>
<status status="FAIL" starttime="20210528 14:49:01.843" endtime="20210528 14:49:02.099" critical="yes">HTTPError: 500 Server Error: INTERNAL SERVER ERROR for url: http://qainterview.pythonanywhere.com/factorial</status>
</test>
<doc>Autotest Challenge API Tests</doc>
<status status="FAIL" starttime="20210528 14:48:58.433" endtime="20210528 14:49:02.105"></status>
</suite>
<suite id="s1-s2" name="Challenge Frontend Tests" source="C:\Users\Shane Noonan\Documents\GitHub\Challenge\tests\Challenge_Frontend_Tests.robot">
<test id="s1-s2-t1" name="Assert Incorrect String Input Type Message">
<kw name="Given I open a headless browser" library="challenge_steps">
<kw name="Open Browser" library="SeleniumLibrary">
<doc>Opens a new browser instance to the optional ``url``.</doc>
<arguments>
<arg>about:blank</arg>
<arg>headlesschrome</arg>
</arguments>
<msg timestamp="20210528 14:49:02.152" level="INFO">Opening browser 'headlesschrome' to base url 'about:blank'.</msg>
<status status="PASS" starttime="20210528 14:49:02.150" endtime="20210528 14:49:03.296"></status>
</kw>
<status status="PASS" starttime="20210528 14:49:02.147" endtime="20210528 14:49:03.297"></status>
</kw>
<kw name="When I navigate to the Factorial website" library="challenge_steps">
<kw name="Go To" library="SeleniumLibrary">
<doc>Navigates the current browser window to the provided ``url``.</doc>
<arguments>
<arg>${home_url}</arg>
</arguments>
<msg timestamp="20210528 14:49:03.298" level="INFO">Opening url 'http://qainterview.pythonanywhere.com'</msg>
<status status="PASS" starttime="20210528 14:49:03.298" endtime="20210528 14:49:06.282"></status>
</kw>
<kw name="Wait Until Element Contains" library="SeleniumLibrary">
<doc>Waits until the element ``locator`` contains ``text``.</doc>
<arguments>
<arg>${h1_title}</arg>
<arg>The greatest factorial calculator!</arg>
</arguments>
<status status="PASS" starttime="20210528 14:49:06.282" endtime="20210528 14:49:06.313"></status>
</kw>
<status status="PASS" starttime="20210528 14:49:03.298" endtime="20210528 14:49:06.313"></status>
</kw>
<kw name="And I enter the interger abc and Select Calculate" library="challenge_steps">
<kw name="Input Text" library="SeleniumLibrary">
<doc>Types the given ``text`` into the text field identified by ``locator``.</doc>
<arguments>
<arg>${integer_textfield}</arg>
<arg>${integer}</arg>
</arguments>
<msg timestamp="20210528 14:49:06.314" level="INFO">Typing text 'abc' into text field 'xpath=//*[@id="number"]'.</msg>
<status status="PASS" starttime="20210528 14:49:06.314" endtime="20210528 14:49:06.457"></status>
</kw>
<kw name="Click Button" library="SeleniumLibrary">
<doc>Clicks the button identified by ``locator``.</doc>
<arguments>
<arg>${calculate_button}</arg>
</arguments>
<msg timestamp="20210528 14:49:06.458" level="INFO">Clicking button 'xpath=//*[@id="getFactorial"]'.</msg>
<status status="PASS" starttime="20210528 14:49:06.457" endtime="20210528 14:49:06.632"></status>
</kw>
<kw name="Set Global Variable" library="BuiltIn">
<doc>Makes a variable available globally in all tests and suites.</doc>
<arguments>
<arg>${integer}</arg>
</arguments>
<msg timestamp="20210528 14:49:06.636" level="INFO">${integer} = abc</msg>
<status status="PASS" starttime="20210528 14:49:06.634" endtime="20210528 14:49:06.637"></status>
</kw>
<kw name="Log To Console" library="BuiltIn">
<doc>Logs the given message to the console.</doc>
<arguments>
<arg>${integer}</arg>
</arguments>
<status status="PASS" starttime="20210528 14:49:06.637" endtime="20210528 14:49:06.638"></status>
</kw>
<status status="PASS" starttime="20210528 14:49:06.314" endtime="20210528 14:49:06.639"></status>
</kw>
<kw name="Then I should see the correct result for abc" library="challenge_steps">
<kw name="Run Keyword If" library="BuiltIn">
<doc>Runs the given keyword with the given arguments, if ``condition`` is true.</doc>
<arguments>
<arg>${integer}== abc</arg>
<arg>Assert Results for invalid value</arg>
<arg>ELSE IF</arg>
<arg>${integer}== -2</arg>
<arg>Assert Results for invalid value</arg>
<arg>ELSE IF</arg>
<arg>${integer}== 0.2</arg>
<arg>Assert Results for invalid value</arg>
<arg>ELSE IF</arg>
<arg>${integer}== 0</arg>
<arg>Assert Results for value 0</arg>
<arg>ELSE IF</arg>
<arg>${integer}== 5</arg>
<arg>Assert Results for value 5</arg>
<arg>ELSE IF</arg>
<arg>${integer}== 100</arg>
<arg>Assert Results for value 100</arg>
<arg>ELSE IF</arg>
<arg>${integer}&gt;= 171</arg>
<arg>Assert Results for value limit</arg>
</arguments>
<kw name="Assert Results for invalid value" library="page_assertion_keywords">
<kw name="Wait Until Element Contains" library="SeleniumLibrary">
<doc>Waits until the element ``locator`` contains ``text``.</doc>
<arguments>
<arg>${result_text}</arg>
<arg>Please enter an integer</arg>
</arguments>
<status status="PASS" starttime="20210528 14:49:06.641" endtime="20210528 14:49:06.702"></status>
</kw>
<status status="PASS" starttime="20210528 14:49:06.641" endtime="20210528 14:49:06.703"></status>
</kw>
<status status="PASS" starttime="20210528 14:49:06.640" endtime="20210528 14:49:06.703"></status>
</kw>
<status status="PASS" starttime="20210528 14:49:06.639" endtime="20210528 14:49:06.703"></status>
</kw>
<kw name="Close All Browsers" library="SeleniumLibrary" type="teardown">
<doc>Closes all open browsers and resets the browser cache.</doc>
<status status="PASS" starttime="20210528 14:49:06.704" endtime="20210528 14:49:08.813"></status>
</kw>
<tags>
<tag>Frontend Tests</tag>
</tags>
<status status="PASS" starttime="20210528 14:49:02.145" endtime="20210528 14:49:08.814" critical="yes"></status>
</test>
<test id="s1-s2-t2" name="Assert Incorrect Decimal Input Type Message">
<kw name="Given I open a headless browser" library="challenge_steps">
<kw name="Open Browser" library="SeleniumLibrary">
<doc>Opens a new browser instance to the optional ``url``.</doc>
<arguments>
<arg>about:blank</arg>
<arg>headlesschrome</arg>
</arguments>
<msg timestamp="20210528 14:49:08.820" level="INFO">Opening browser 'headlesschrome' to base url 'about:blank'.</msg>
<status status="PASS" starttime="20210528 14:49:08.819" endtime="20210528 14:49:09.949"></status>
</kw>
<status status="PASS" starttime="20210528 14:49:08.818" endtime="20210528 14:49:09.949"></status>
</kw>
<kw name="When I navigate to the Factorial website" library="challenge_steps">
<kw name="Go To" library="SeleniumLibrary">
<doc>Navigates the current browser window to the provided ``url``.</doc>
<arguments>
<arg>${home_url}</arg>
</arguments>
<msg timestamp="20210528 14:49:09.951" level="INFO">Opening url 'http://qainterview.pythonanywhere.com'</msg>
<status status="PASS" starttime="20210528 14:49:09.950" endtime="20210528 14:49:10.682"></status>
</kw>
<kw name="Wait Until Element Contains" library="SeleniumLibrary">
<doc>Waits until the element ``locator`` contains ``text``.</doc>
<arguments>
<arg>${h1_title}</arg>
<arg>The greatest factorial calculator!</arg>
</arguments>
<status status="PASS" starttime="20210528 14:49:10.682" endtime="20210528 14:49:10.709"></status>
</kw>
<status status="PASS" starttime="20210528 14:49:09.950" endtime="20210528 14:49:10.709"></status>
</kw>
<kw name="And I enter the interger 0.2 and Select Calculate" library="challenge_steps">
<kw name="Input Text" library="SeleniumLibrary">
<doc>Types the given ``text`` into the text field identified by ``locator``.</doc>
<arguments>
<arg>${integer_textfield}</arg>
<arg>${integer}</arg>
</arguments>
<msg timestamp="20210528 14:49:10.711" level="INFO">Typing text '0.2' into text field 'xpath=//*[@id="number"]'.</msg>
<status status="PASS" starttime="20210528 14:49:10.711" endtime="20210528 14:49:10.795"></status>
</kw>
<kw name="Click Button" library="SeleniumLibrary">
<doc>Clicks the button identified by ``locator``.</doc>
<arguments>
<arg>${calculate_button}</arg>
</arguments>
<msg timestamp="20210528 14:49:10.796" level="INFO">Clicking button 'xpath=//*[@id="getFactorial"]'.</msg>
<status status="PASS" starttime="20210528 14:49:10.795" endtime="20210528 14:49:10.881"></status>
</kw>
<kw name="Set Global Variable" library="BuiltIn">
<doc>Makes a variable available globally in all tests and suites.</doc>
<arguments>
<arg>${integer}</arg>
</arguments>
<msg timestamp="20210528 14:49:10.884" level="INFO">${integer} = 0.2</msg>
<status status="PASS" starttime="20210528 14:49:10.883" endtime="20210528 14:49:10.884"></status>
</kw>
<kw name="Log To Console" library="BuiltIn">
<doc>Logs the given message to the console.</doc>
<arguments>
<arg>${integer}</arg>
</arguments>
<status status="PASS" starttime="20210528 14:49:10.884" endtime="20210528 14:49:10.885"></status>
</kw>
<status status="PASS" starttime="20210528 14:49:10.710" endtime="20210528 14:49:10.886"></status>
</kw>
<kw name="Then I should see the correct result for 0.2" library="challenge_steps">
<kw name="Run Keyword If" library="BuiltIn">
<doc>Runs the given keyword with the given arguments, if ``condition`` is true.</doc>
<arguments>
<arg>${integer}== abc</arg>
<arg>Assert Results for invalid value</arg>
<arg>ELSE IF</arg>
<arg>${integer}== -2</arg>
<arg>Assert Results for invalid value</arg>
<arg>ELSE IF</arg>
<arg>${integer}== 0.2</arg>
<arg>Assert Results for invalid value</arg>
<arg>ELSE IF</arg>
<arg>${integer}== 0</arg>
<arg>Assert Results for value 0</arg>
<arg>ELSE IF</arg>
<arg>${integer}== 5</arg>
<arg>Assert Results for value 5</arg>
<arg>ELSE IF</arg>
<arg>${integer}== 100</arg>
<arg>Assert Results for value 100</arg>
<arg>ELSE IF</arg>
<arg>${integer}&gt;= 171</arg>
<arg>Assert Results for value limit</arg>
</arguments>
<kw name="Assert Results for invalid value" library="page_assertion_keywords">
<kw name="Wait Until Element Contains" library="SeleniumLibrary">
<doc>Waits until the element ``locator`` contains ``text``.</doc>
<arguments>
<arg>${result_text}</arg>
<arg>Please enter an integer</arg>
</arguments>
<status status="PASS" starttime="20210528 14:49:10.899" endtime="20210528 14:49:10.950"></status>
</kw>
<status status="PASS" starttime="20210528 14:49:10.898" endtime="20210528 14:49:10.950"></status>
</kw>
<status status="PASS" starttime="20210528 14:49:10.887" endtime="20210528 14:49:10.950"></status>
</kw>
<status status="PASS" starttime="20210528 14:49:10.886" endtime="20210528 14:49:10.950"></status>
</kw>
<kw name="Close All Browsers" library="SeleniumLibrary" type="teardown">
<doc>Closes all open browsers and resets the browser cache.</doc>
<status status="PASS" starttime="20210528 14:49:10.952" endtime="20210528 14:49:13.034"></status>
</kw>
<tags>
<tag>Frontend Tests</tag>
</tags>
<status status="PASS" starttime="20210528 14:49:08.816" endtime="20210528 14:49:13.035" critical="yes"></status>
</test>
<test id="s1-s2-t3" name="Assert Factorial of 0">
<kw name="Given I open a headless browser" library="challenge_steps">
<kw name="Open Browser" library="SeleniumLibrary">
<doc>Opens a new browser instance to the optional ``url``.</doc>
<arguments>
<arg>about:blank</arg>
<arg>headlesschrome</arg>
</arguments>
<msg timestamp="20210528 14:49:13.040" level="INFO">Opening browser 'headlesschrome' to base url 'about:blank'.</msg>
<status status="PASS" starttime="20210528 14:49:13.040" endtime="20210528 14:49:14.077"></status>
</kw>
<status status="PASS" starttime="20210528 14:49:13.040" endtime="20210528 14:49:14.077"></status>
</kw>
<kw name="When I navigate to the Factorial website" library="challenge_steps">
<kw name="Go To" library="SeleniumLibrary">
<doc>Navigates the current browser window to the provided ``url``.</doc>
<arguments>
<arg>${home_url}</arg>
</arguments>
<msg timestamp="20210528 14:49:14.079" level="INFO">Opening url 'http://qainterview.pythonanywhere.com'</msg>
<status status="PASS" starttime="20210528 14:49:14.079" endtime="20210528 14:49:14.822"></status>
</kw>
<kw name="Wait Until Element Contains" library="SeleniumLibrary">
<doc>Waits until the element ``locator`` contains ``text``.</doc>
<arguments>
<arg>${h1_title}</arg>
<arg>The greatest factorial calculator!</arg>
</arguments>
<status status="PASS" starttime="20210528 14:49:14.822" endtime="20210528 14:49:14.849"></status>
</kw>
<status status="PASS" starttime="20210528 14:49:14.078" endtime="20210528 14:49:14.849"></status>
</kw>
<kw name="And I enter the interger 0 and Select Calculate" library="challenge_steps">
<kw name="Input Text" library="SeleniumLibrary">
<doc>Types the given ``text`` into the text field identified by ``locator``.</doc>
<arguments>
<arg>${integer_textfield}</arg>
<arg>${integer}</arg>
</arguments>
<msg timestamp="20210528 14:49:14.851" level="INFO">Typing text '0' into text field 'xpath=//*[@id="number"]'.</msg>
<status status="PASS" starttime="20210528 14:49:14.850" endtime="20210528 14:49:14.935"></status>
</kw>
<kw name="Click Button" library="SeleniumLibrary">
<doc>Clicks the button identified by ``locator``.</doc>
<arguments>
<arg>${calculate_button}</arg>
</arguments>
<msg timestamp="20210528 14:49:14.936" level="INFO">Clicking button 'xpath=//*[@id="getFactorial"]'.</msg>
<status status="PASS" starttime="20210528 14:49:14.936" endtime="20210528 14:49:15.005"></status>
</kw>
<kw name="Set Global Variable" library="BuiltIn">
<doc>Makes a variable available globally in all tests and suites.</doc>
<arguments>
<arg>${integer}</arg>
</arguments>
<msg timestamp="20210528 14:49:15.005" level="INFO">${integer} = 0</msg>
<status status="PASS" starttime="20210528 14:49:15.005" endtime="20210528 14:49:15.005"></status>
</kw>
<kw name="Log To Console" library="BuiltIn">
<doc>Logs the given message to the console.</doc>
<arguments>
<arg>${integer}</arg>
</arguments>
<status status="PASS" starttime="20210528 14:49:15.005" endtime="20210528 14:49:15.006"></status>
</kw>
<status status="PASS" starttime="20210528 14:49:14.850" endtime="20210528 14:49:15.006"></status>
</kw>
<kw name="Then I should see the correct result for 0" library="challenge_steps">
<kw name="Run Keyword If" library="BuiltIn">
<doc>Runs the given keyword with the given arguments, if ``condition`` is true.</doc>
<arguments>
<arg>${integer}== abc</arg>
<arg>Assert Results for invalid value</arg>
<arg>ELSE IF</arg>
<arg>${integer}== -2</arg>
<arg>Assert Results for invalid value</arg>
<arg>ELSE IF</arg>
<arg>${integer}== 0.2</arg>
<arg>Assert Results for invalid value</arg>
<arg>ELSE IF</arg>
<arg>${integer}== 0</arg>
<arg>Assert Results for value 0</arg>
<arg>ELSE IF</arg>
<arg>${integer}== 5</arg>
<arg>Assert Results for value 5</arg>
<arg>ELSE IF</arg>
<arg>${integer}== 100</arg>
<arg>Assert Results for value 100</arg>
<arg>ELSE IF</arg>
<arg>${integer}&gt;= 171</arg>
<arg>Assert Results for value limit</arg>
</arguments>
<kw name="Assert Results for value 0" library="page_assertion_keywords">
<kw name="Wait Until Element Contains" library="SeleniumLibrary">
<doc>Waits until the element ``locator`` contains ``text``.</doc>
<arguments>
<arg>${result_text}</arg>
<arg>The factorial of ${integer} is: 1</arg>
</arguments>
<status status="PASS" starttime="20210528 14:49:15.008" endtime="20210528 14:49:15.249"></status>
</kw>
<status status="PASS" starttime="20210528 14:49:15.008" endtime="20210528 14:49:15.250"></status>
</kw>
<status status="PASS" starttime="20210528 14:49:15.007" endtime="20210528 14:49:15.250"></status>
</kw>
<status status="PASS" starttime="20210528 14:49:15.007" endtime="20210528 14:49:15.250"></status>
</kw>
<kw name="Close All Browsers" library="SeleniumLibrary" type="teardown">
<doc>Closes all open browsers and resets the browser cache.</doc>
<status status="PASS" starttime="20210528 14:49:15.251" endtime="20210528 14:49:17.313"></status>
</kw>
<tags>
<tag>Frontend Tests</tag>
</tags>
<status status="PASS" starttime="20210528 14:49:13.039" endtime="20210528 14:49:17.314" critical="yes"></status>
</test>
<test id="s1-s2-t4" name="Assert Factorial of 5">
<kw name="Given I open a headless browser" library="challenge_steps">
<kw name="Open Browser" library="SeleniumLibrary">
<doc>Opens a new browser instance to the optional ``url``.</doc>
<arguments>
<arg>about:blank</arg>
<arg>headlesschrome</arg>
</arguments>
<msg timestamp="20210528 14:49:17.319" level="INFO">Opening browser 'headlesschrome' to base url 'about:blank'.</msg>
<status status="PASS" starttime="20210528 14:49:17.318" endtime="20210528 14:49:18.435"></status>
</kw>
<status status="PASS" starttime="20210528 14:49:17.318" endtime="20210528 14:49:18.435"></status>
</kw>
<kw name="When I navigate to the Factorial website" library="challenge_steps">
<kw name="Go To" library="SeleniumLibrary">
<doc>Navigates the current browser window to the provided ``url``.</doc>
<arguments>
<arg>${home_url}</arg>
</arguments>
<msg timestamp="20210528 14:49:18.436" level="INFO">Opening url 'http://qainterview.pythonanywhere.com'</msg>
<status status="PASS" starttime="20210528 14:49:18.436" endtime="20210528 14:49:19.089"></status>
</kw>
<kw name="Wait Until Element Contains" library="SeleniumLibrary">
<doc>Waits until the element ``locator`` contains ``text``.</doc>
<arguments>
<arg>${h1_title}</arg>
<arg>The greatest factorial calculator!</arg>
</arguments>
<status status="PASS" starttime="20210528 14:49:19.089" endtime="20210528 14:49:19.118"></status>
</kw>
<status status="PASS" starttime="20210528 14:49:18.436" endtime="20210528 14:49:19.118"></status>
</kw>
<kw name="And I enter the interger 5 and Select Calculate" library="challenge_steps">
<kw name="Input Text" library="SeleniumLibrary">
<doc>Types the given ``text`` into the text field identified by ``locator``.</doc>
<arguments>
<arg>${integer_textfield}</arg>
<arg>${integer}</arg>
</arguments>
<msg timestamp="20210528 14:49:19.120" level="INFO">Typing text '5' into text field 'xpath=//*[@id="number"]'.</msg>
<status status="PASS" starttime="20210528 14:49:19.120" endtime="20210528 14:49:19.206"></status>
</kw>
<kw name="Click Button" library="SeleniumLibrary">
<doc>Clicks the button identified by ``locator``.</doc>
<arguments>
<arg>${calculate_button}</arg>
</arguments>
<msg timestamp="20210528 14:49:19.206" level="INFO">Clicking button 'xpath=//*[@id="getFactorial"]'.</msg>
<status status="PASS" starttime="20210528 14:49:19.206" endtime="20210528 14:49:19.271"></status>
</kw>
<kw name="Set Global Variable" library="BuiltIn">
<doc>Makes a variable available globally in all tests and suites.</doc>
<arguments>
<arg>${integer}</arg>
</arguments>
<msg timestamp="20210528 14:49:19.271" level="INFO">${integer} = 5</msg>
<status status="PASS" starttime="20210528 14:49:19.271" endtime="20210528 14:49:19.271"></status>
</kw>
<kw name="Log To Console" library="BuiltIn">
<doc>Logs the given message to the console.</doc>
<arguments>
<arg>${integer}</arg>
</arguments>
<status status="PASS" starttime="20210528 14:49:19.272" endtime="20210528 14:49:19.272"></status>
</kw>
<status status="PASS" starttime="20210528 14:49:19.119" endtime="20210528 14:49:19.272"></status>
</kw>
<kw name="Then I should see the correct result for 5" library="challenge_steps">
<kw name="Run Keyword If" library="BuiltIn">
<doc>Runs the given keyword with the given arguments, if ``condition`` is true.</doc>
<arguments>
<arg>${integer}== abc</arg>
<arg>Assert Results for invalid value</arg>
<arg>ELSE IF</arg>
<arg>${integer}== -2</arg>
<arg>Assert Results for invalid value</arg>
<arg>ELSE IF</arg>
<arg>${integer}== 0.2</arg>
<arg>Assert Results for invalid value</arg>
<arg>ELSE IF</arg>
<arg>${integer}== 0</arg>
<arg>Assert Results for value 0</arg>
<arg>ELSE IF</arg>
<arg>${integer}== 5</arg>
<arg>Assert Results for value 5</arg>
<arg>ELSE IF</arg>
<arg>${integer}== 100</arg>
<arg>Assert Results for value 100</arg>
<arg>ELSE IF</arg>
<arg>${integer}&gt;= 171</arg>
<arg>Assert Results for value limit</arg>
</arguments>
<kw name="Assert Results for value 5" library="page_assertion_keywords">
<kw name="Wait Until Element Contains" library="SeleniumLibrary">
<doc>Waits until the element ``locator`` contains ``text``.</doc>
<arguments>
<arg>${result_text}</arg>
<arg>The factorial of ${integer} is: 120</arg>
</arguments>
<status status="PASS" starttime="20210528 14:49:19.274" endtime="20210528 14:49:19.515"></status>
</kw>
<status status="PASS" starttime="20210528 14:49:19.274" endtime="20210528 14:49:19.516"></status>
</kw>
<status status="PASS" starttime="20210528 14:49:19.273" endtime="20210528 14:49:19.516"></status>
</kw>
<status status="PASS" starttime="20210528 14:49:19.273" endtime="20210528 14:49:19.516"></status>
</kw>
<kw name="Close All Browsers" library="SeleniumLibrary" type="teardown">
<doc>Closes all open browsers and resets the browser cache.</doc>
<status status="PASS" starttime="20210528 14:49:19.517" endtime="20210528 14:49:21.581"></status>
</kw>
<tags>
<tag>Frontend Tests</tag>
</tags>
<status status="PASS" starttime="20210528 14:49:17.317" endtime="20210528 14:49:21.582" critical="yes"></status>
</test>
<test id="s1-s2-t5" name="Assert Factorial of 100">
<kw name="Given I open a headless browser" library="challenge_steps">
<kw name="Open Browser" library="SeleniumLibrary">
<doc>Opens a new browser instance to the optional ``url``.</doc>
<arguments>
<arg>about:blank</arg>
<arg>headlesschrome</arg>
</arguments>
<msg timestamp="20210528 14:49:21.585" level="INFO">Opening browser 'headlesschrome' to base url 'about:blank'.</msg>
<status status="PASS" starttime="20210528 14:49:21.585" endtime="20210528 14:49:22.742"></status>
</kw>
<status status="PASS" starttime="20210528 14:49:21.585" endtime="20210528 14:49:22.743"></status>
</kw>
<kw name="When I navigate to the Factorial website" library="challenge_steps">
<kw name="Go To" library="SeleniumLibrary">
<doc>Navigates the current browser window to the provided ``url``.</doc>
<arguments>
<arg>${home_url}</arg>
</arguments>
<msg timestamp="20210528 14:49:22.744" level="INFO">Opening url 'http://qainterview.pythonanywhere.com'</msg>
<status status="PASS" starttime="20210528 14:49:22.744" endtime="20210528 14:49:23.549"></status>
</kw>
<kw name="Wait Until Element Contains" library="SeleniumLibrary">
<doc>Waits until the element ``locator`` contains ``text``.</doc>
<arguments>
<arg>${h1_title}</arg>
<arg>The greatest factorial calculator!</arg>
</arguments>
<status status="PASS" starttime="20210528 14:49:23.550" endtime="20210528 14:49:23.577"></status>
</kw>
<status status="PASS" starttime="20210528 14:49:22.743" endtime="20210528 14:49:23.578"></status>
</kw>
<kw name="And I enter the interger 100 and Select Calculate" library="challenge_steps">
<kw name="Input Text" library="SeleniumLibrary">
<doc>Types the given ``text`` into the text field identified by ``locator``.</doc>
<arguments>
<arg>${integer_textfield}</arg>
<arg>${integer}</arg>
</arguments>
<msg timestamp="20210528 14:49:23.579" level="INFO">Typing text '100' into text field 'xpath=//*[@id="number"]'.</msg>
<status status="PASS" starttime="20210528 14:49:23.579" endtime="20210528 14:49:23.664"></status>
</kw>
<kw name="Click Button" library="SeleniumLibrary">
<doc>Clicks the button identified by ``locator``.</doc>
<arguments>
<arg>${calculate_button}</arg>
</arguments>
<msg timestamp="20210528 14:49:23.664" level="INFO">Clicking button 'xpath=//*[@id="getFactorial"]'.</msg>
<status status="PASS" starttime="20210528 14:49:23.664" endtime="20210528 14:49:23.731"></status>
</kw>
<kw name="Set Global Variable" library="BuiltIn">
<doc>Makes a variable available globally in all tests and suites.</doc>
<arguments>
<arg>${integer}</arg>
</arguments>
<msg timestamp="20210528 14:49:23.732" level="INFO">${integer} = 100</msg>
<status status="PASS" starttime="20210528 14:49:23.731" endtime="20210528 14:49:23.732"></status>
</kw>
<kw name="Log To Console" library="BuiltIn">
<doc>Logs the given message to the console.</doc>
<arguments>
<arg>${integer}</arg>
</arguments>
<status status="PASS" starttime="20210528 14:49:23.732" endtime="20210528 14:49:23.732"></status>
</kw>
<status status="PASS" starttime="20210528 14:49:23.578" endtime="20210528 14:49:23.733"></status>
</kw>
<kw name="Then I should see the correct result for 100" library="challenge_steps">
<kw name="Run Keyword If" library="BuiltIn">
<doc>Runs the given keyword with the given arguments, if ``condition`` is true.</doc>
<arguments>
<arg>${integer}== abc</arg>
<arg>Assert Results for invalid value</arg>
<arg>ELSE IF</arg>
<arg>${integer}== -2</arg>
<arg>Assert Results for invalid value</arg>
<arg>ELSE IF</arg>
<arg>${integer}== 0.2</arg>
<arg>Assert Results for invalid value</arg>
<arg>ELSE IF</arg>
<arg>${integer}== 0</arg>
<arg>Assert Results for value 0</arg>
<arg>ELSE IF</arg>
<arg>${integer}== 5</arg>
<arg>Assert Results for value 5</arg>
<arg>ELSE IF</arg>
<arg>${integer}== 100</arg>
<arg>Assert Results for value 100</arg>
<arg>ELSE IF</arg>
<arg>${integer}&gt;= 171</arg>
<arg>Assert Results for value limit</arg>
</arguments>
<kw name="Assert Results for value 100" library="page_assertion_keywords">
<kw name="Wait Until Element Contains" library="SeleniumLibrary">
<doc>Waits until the element ``locator`` contains ``text``.</doc>
<arguments>
<arg>${result_text}</arg>
<arg>The factorial of ${integer} is: 9.332621544394415e+157</arg>
</arguments>
<status status="PASS" starttime="20210528 14:49:23.735" endtime="20210528 14:49:23.977"></status>
</kw>
<status status="PASS" starttime="20210528 14:49:23.735" endtime="20210528 14:49:23.978"></status>
</kw>
<status status="PASS" starttime="20210528 14:49:23.734" endtime="20210528 14:49:23.978"></status>
</kw>
<status status="PASS" starttime="20210528 14:49:23.733" endtime="20210528 14:49:23.978"></status>
</kw>
<kw name="Close All Browsers" library="SeleniumLibrary" type="teardown">
<doc>Closes all open browsers and resets the browser cache.</doc>
<status status="PASS" starttime="20210528 14:49:23.979" endtime="20210528 14:49:26.045"></status>
</kw>
<tags>
<tag>Frontend Tests</tag>
</tags>
<status status="PASS" starttime="20210528 14:49:21.584" endtime="20210528 14:49:26.045" critical="yes"></status>
</test>
<test id="s1-s2-t6" name="Assert Factorial of +101">
<kw name="Given I open a headless browser" library="challenge_steps">
<kw name="Open Browser" library="SeleniumLibrary">
<doc>Opens a new browser instance to the optional ``url``.</doc>
<arguments>
<arg>about:blank</arg>
<arg>headlesschrome</arg>
</arguments>
<msg timestamp="20210528 14:49:26.048" level="INFO">Opening browser 'headlesschrome' to base url 'about:blank'.</msg>
<status status="PASS" starttime="20210528 14:49:26.048" endtime="20210528 14:49:27.233"></status>
</kw>
<status status="PASS" starttime="20210528 14:49:26.048" endtime="20210528 14:49:27.233"></status>
</kw>
<kw name="When I navigate to the Factorial website" library="challenge_steps">
<kw name="Go To" library="SeleniumLibrary">
<doc>Navigates the current browser window to the provided ``url``.</doc>
<arguments>
<arg>${home_url}</arg>
</arguments>
<msg timestamp="20210528 14:49:27.235" level="INFO">Opening url 'http://qainterview.pythonanywhere.com'</msg>
<status status="PASS" starttime="20210528 14:49:27.235" endtime="20210528 14:49:27.862"></status>
</kw>
<kw name="Wait Until Element Contains" library="SeleniumLibrary">
<doc>Waits until the element ``locator`` contains ``text``.</doc>
<arguments>
<arg>${h1_title}</arg>
<arg>The greatest factorial calculator!</arg>
</arguments>
<status status="PASS" starttime="20210528 14:49:27.862" endtime="20210528 14:49:27.890"></status>
</kw>
<status status="PASS" starttime="20210528 14:49:27.234" endtime="20210528 14:49:27.890"></status>
</kw>
<kw name="And I enter the interger +100 and Select Calculate" library="challenge_steps">
<kw name="Input Text" library="SeleniumLibrary">
<doc>Types the given ``text`` into the text field identified by ``locator``.</doc>
<arguments>
<arg>${integer_textfield}</arg>
<arg>${integer}</arg>
</arguments>
<msg timestamp="20210528 14:49:27.892" level="INFO">Typing text '+100' into text field 'xpath=//*[@id="number"]'.</msg>
<status status="PASS" starttime="20210528 14:49:27.892" endtime="20210528 14:49:27.980"></status>
</kw>
<kw name="Click Button" library="SeleniumLibrary">
<doc>Clicks the button identified by ``locator``.</doc>
<arguments>
<arg>${calculate_button}</arg>
</arguments>
<msg timestamp="20210528 14:49:27.981" level="INFO">Clicking button 'xpath=//*[@id="getFactorial"]'.</msg>
<status status="PASS" starttime="20210528 14:49:27.980" endtime="20210528 14:49:28.046"></status>
</kw>
<kw name="Set Global Variable" library="BuiltIn">
<doc>Makes a variable available globally in all tests and suites.</doc>
<arguments>
<arg>${integer}</arg>
</arguments>
<msg timestamp="20210528 14:49:28.047" level="INFO">${integer} = +100</msg>
<status status="PASS" starttime="20210528 14:49:28.046" endtime="20210528 14:49:28.047"></status>
</kw>
<kw name="Log To Console" library="BuiltIn">
<doc>Logs the given message to the console.</doc>
<arguments>
<arg>${integer}</arg>
</arguments>
<status status="PASS" starttime="20210528 14:49:28.047" endtime="20210528 14:49:28.048"></status>
</kw>
<status status="PASS" starttime="20210528 14:49:27.891" endtime="20210528 14:49:28.048"></status>
</kw>
<kw name="Then I should see the correct result for +101" library="challenge_steps">
<kw name="Run Keyword If" library="BuiltIn">
<doc>Runs the given keyword with the given arguments, if ``condition`` is true.</doc>
<arguments>
<arg>${integer}== abc</arg>
<arg>Assert Results for invalid value</arg>
<arg>ELSE IF</arg>
<arg>${integer}== -2</arg>
<arg>Assert Results for invalid value</arg>
<arg>ELSE IF</arg>
<arg>${integer}== 0.2</arg>
<arg>Assert Results for invalid value</arg>
<arg>ELSE IF</arg>
<arg>${integer}== 0</arg>
<arg>Assert Results for value 0</arg>
<arg>ELSE IF</arg>
<arg>${integer}== 5</arg>
<arg>Assert Results for value 5</arg>
<arg>ELSE IF</arg>
<arg>${integer}== 100</arg>
<arg>Assert Results for value 100</arg>
<arg>ELSE IF</arg>
<arg>${integer}&gt;= 171</arg>
<arg>Assert Results for value limit</arg>
</arguments>
<status status="PASS" starttime="20210528 14:49:28.048" endtime="20210528 14:49:28.064"></status>
</kw>
<status status="PASS" starttime="20210528 14:49:28.048" endtime="20210528 14:49:28.064"></status>
</kw>
<kw name="Close All Browsers" library="SeleniumLibrary" type="teardown">
<doc>Closes all open browsers and resets the browser cache.</doc>
<status status="PASS" starttime="20210528 14:49:28.064" endtime="20210528 14:49:30.138"></status>
</kw>
<tags>
<tag>Frontend Tests</tag>
</tags>
<status status="PASS" starttime="20210528 14:49:26.047" endtime="20210528 14:49:30.140" critical="yes"></status>
</test>
<test id="s1-s2-t7" name="Assert Factorial of 200">
<kw name="Given I open a headless browser" library="challenge_steps">
<kw name="Open Browser" library="SeleniumLibrary">
<doc>Opens a new browser instance to the optional ``url``.</doc>
<arguments>
<arg>about:blank</arg>
<arg>headlesschrome</arg>
</arguments>
<msg timestamp="20210528 14:49:30.145" level="INFO">Opening browser 'headlesschrome' to base url 'about:blank'.</msg>
<status status="PASS" starttime="20210528 14:49:30.145" endtime="20210528 14:49:31.241"></status>
</kw>
<status status="PASS" starttime="20210528 14:49:30.145" endtime="20210528 14:49:31.242"></status>
</kw>
<kw name="When I navigate to the Factorial website" library="challenge_steps">
<kw name="Go To" library="SeleniumLibrary">
<doc>Navigates the current browser window to the provided ``url``.</doc>
<arguments>
<arg>${home_url}</arg>
</arguments>
<msg timestamp="20210528 14:49:31.247" level="INFO">Opening url 'http://qainterview.pythonanywhere.com'</msg>
<status status="PASS" starttime="20210528 14:49:31.247" endtime="20210528 14:49:31.955"></status>
</kw>
<kw name="Wait Until Element Contains" library="SeleniumLibrary">
<doc>Waits until the element ``locator`` contains ``text``.</doc>
<arguments>
<arg>${h1_title}</arg>
<arg>The greatest factorial calculator!</arg>
</arguments>
<status status="PASS" starttime="20210528 14:49:31.955" endtime="20210528 14:49:31.984"></status>
</kw>
<status status="PASS" starttime="20210528 14:49:31.246" endtime="20210528 14:49:31.984"></status>
</kw>
<kw name="And I enter the interger 200 and Select Calculate" library="challenge_steps">
<kw name="Input Text" library="SeleniumLibrary">
<doc>Types the given ``text`` into the text field identified by ``locator``.</doc>
<arguments>
<arg>${integer_textfield}</arg>
<arg>${integer}</arg>
</arguments>
<msg timestamp="20210528 14:49:31.985" level="INFO">Typing text '200' into text field 'xpath=//*[@id="number"]'.</msg>
<status status="PASS" starttime="20210528 14:49:31.985" endtime="20210528 14:49:32.073"></status>
</kw>
<kw name="Click Button" library="SeleniumLibrary">
<doc>Clicks the button identified by ``locator``.</doc>
<arguments>
<arg>${calculate_button}</arg>
</arguments>
<msg timestamp="20210528 14:49:32.073" level="INFO">Clicking button 'xpath=//*[@id="getFactorial"]'.</msg>
<status status="PASS" starttime="20210528 14:49:32.073" endtime="20210528 14:49:32.142"></status>
</kw>
<kw name="Set Global Variable" library="BuiltIn">
<doc>Makes a variable available globally in all tests and suites.</doc>
<arguments>
<arg>${integer}</arg>
</arguments>
<msg timestamp="20210528 14:49:32.143" level="INFO">${integer} = 200</msg>
<status status="PASS" starttime="20210528 14:49:32.142" endtime="20210528 14:49:32.143"></status>
</kw>
<kw name="Log To Console" library="BuiltIn">
<doc>Logs the given message to the console.</doc>
<arguments>
<arg>${integer}</arg>
</arguments>
<status status="PASS" starttime="20210528 14:49:32.143" endtime="20210528 14:49:32.143"></status>
</kw>
<status status="PASS" starttime="20210528 14:49:31.985" endtime="20210528 14:49:32.143"></status>
</kw>
<kw name="Then I should see the correct result for 200" library="challenge_steps">
<kw name="Run Keyword If" library="BuiltIn">
<doc>Runs the given keyword with the given arguments, if ``condition`` is true.</doc>
<arguments>
<arg>${integer}== abc</arg>
<arg>Assert Results for invalid value</arg>
<arg>ELSE IF</arg>
<arg>${integer}== -2</arg>
<arg>Assert Results for invalid value</arg>
<arg>ELSE IF</arg>
<arg>${integer}== 0.2</arg>
<arg>Assert Results for invalid value</arg>
<arg>ELSE IF</arg>
<arg>${integer}== 0</arg>
<arg>Assert Results for value 0</arg>
<arg>ELSE IF</arg>
<arg>${integer}== 5</arg>
<arg>Assert Results for value 5</arg>
<arg>ELSE IF</arg>
<arg>${integer}== 100</arg>
<arg>Assert Results for value 100</arg>
<arg>ELSE IF</arg>
<arg>${integer}&gt;= 171</arg>
<arg>Assert Results for value limit</arg>
</arguments>
<kw name="Assert Results for value limit" library="page_assertion_keywords">
<kw name="Wait Until Element Contains" library="SeleniumLibrary">
<doc>Waits until the element ``locator`` contains ``text``.</doc>
<arguments>
<arg>${result_text}</arg>
<arg>The factorial of ${integer} is: Infinity</arg>
</arguments>
<status status="PASS" starttime="20210528 14:49:32.145" endtime="20210528 14:49:32.400"></status>
</kw>
<status status="PASS" starttime="20210528 14:49:32.144" endtime="20210528 14:49:32.401"></status>
</kw>
<status status="PASS" starttime="20210528 14:49:32.144" endtime="20210528 14:49:32.401"></status>
</kw>
<status status="PASS" starttime="20210528 14:49:32.143" endtime="20210528 14:49:32.401"></status>
</kw>
<kw name="Close All Browsers" library="SeleniumLibrary" type="teardown">
<doc>Closes all open browsers and resets the browser cache.</doc>
<status status="PASS" starttime="20210528 14:49:32.402" endtime="20210528 14:49:34.465"></status>
</kw>
<tags>
<tag>Frontend Tests</tag>
</tags>
<status status="PASS" starttime="20210528 14:49:30.144" endtime="20210528 14:49:34.466" critical="yes"></status>
</test>
<test id="s1-s2-t8" name="Assert Factorial of 999">
<kw name="Given I open a headless browser" library="challenge_steps">
<kw name="Open Browser" library="SeleniumLibrary">
<doc>Opens a new browser instance to the optional ``url``.</doc>
<arguments>
<arg>about:blank</arg>
<arg>headlesschrome</arg>
</arguments>
<msg timestamp="20210528 14:49:34.469" level="INFO">Opening browser 'headlesschrome' to base url 'about:blank'.</msg>
<status status="PASS" starttime="20210528 14:49:34.469" endtime="20210528 14:49:35.635"></status>
</kw>
<status status="PASS" starttime="20210528 14:49:34.468" endtime="20210528 14:49:35.635"></status>
</kw>
<kw name="When I navigate to the Factorial website" library="challenge_steps">
<kw name="Go To" library="SeleniumLibrary">
<doc>Navigates the current browser window to the provided ``url``.</doc>
<arguments>
<arg>${home_url}</arg>
</arguments>
<msg timestamp="20210528 14:49:35.640" level="INFO">Opening url 'http://qainterview.pythonanywhere.com'</msg>
<status status="PASS" starttime="20210528 14:49:35.638" endtime="20210528 14:49:36.511"></status>
</kw>
<kw name="Wait Until Element Contains" library="SeleniumLibrary">
<doc>Waits until the element ``locator`` contains ``text``.</doc>
<arguments>
<arg>${h1_title}</arg>
<arg>The greatest factorial calculator!</arg>
</arguments>
<status status="PASS" starttime="20210528 14:49:36.512" endtime="20210528 14:49:36.545"></status>
</kw>
<status status="PASS" starttime="20210528 14:49:35.637" endtime="20210528 14:49:36.545"></status>
</kw>
<kw name="And I enter the interger 999 and Select Calculate" library="challenge_steps">
<kw name="Input Text" library="SeleniumLibrary">
<doc>Types the given ``text`` into the text field identified by ``locator``.</doc>
<arguments>
<arg>${integer_textfield}</arg>
<arg>${integer}</arg>
</arguments>
<msg timestamp="20210528 14:49:36.547" level="INFO">Typing text '999' into text field 'xpath=//*[@id="number"]'.</msg>
<status status="PASS" starttime="20210528 14:49:36.547" endtime="20210528 14:49:36.631"></status>
</kw>
<kw name="Click Button" library="SeleniumLibrary">
<doc>Clicks the button identified by ``locator``.</doc>
<arguments>
<arg>${calculate_button}</arg>
</arguments>
<msg timestamp="20210528 14:49:36.632" level="INFO">Clicking button 'xpath=//*[@id="getFactorial"]'.</msg>
<status status="PASS" starttime="20210528 14:49:36.632" endtime="20210528 14:49:36.696"></status>
</kw>
<kw name="Set Global Variable" library="BuiltIn">
<doc>Makes a variable available globally in all tests and suites.</doc>
<arguments>
<arg>${integer}</arg>
[...]
</kw>
<kw name="Then I should see the correct result for 999" library="challenge_steps">
<kw name="Run Keyword If" library="BuiltIn">
<doc>Runs the given keyword with the given arguments, if ``condition`` is true.</doc>
<arguments>
<arg>${integer}== abc</arg>
<arg>Assert Results for invalid value</arg>
<arg>ELSE IF</arg>
<arg>${integer}== -2</arg>
<arg>Assert Results for invalid value</arg>
<arg>ELSE IF</arg>
<arg>${integer}== 0.2</arg>
<arg>Assert Results for invalid value</arg>
<arg>ELSE IF</arg>
<arg>${integer}== 0</arg>
<arg>Assert Results for value 0</arg>
<arg>ELSE IF</arg>
<arg>${integer}== 5</arg>
<arg>Assert Results for value 5</arg>
<arg>ELSE IF</arg>
<arg>${integer}== 100</arg>
<arg>Assert Results for value 100</arg>
<arg>ELSE IF</arg>
<arg>${integer}&gt;= 171</arg>
<arg>Assert Results for value limit</arg>
</arguments>
<kw name="Assert Results for value limit" library="page_assertion_keywords">
<kw name="Wait Until Element Contains" library="SeleniumLibrary">
<doc>Waits until the element ``locator`` contains ``text``.</doc>
<arguments>
<arg>${result_text}</arg>
<arg>The factorial of ${integer} is: Infinity</arg>
</arguments>
<kw name="Capture Page Screenshot" library="SeleniumLibrary">
<doc>Takes a screenshot of the current page and embeds it into a log file.</doc>
<msg timestamp="20210528 14:49:41.917" level="INFO" html="yes">&lt;/td&gt;&lt;/tr&gt;&lt;tr&gt;&lt;td colspan="3"&gt;&lt;a href="selenium-screenshot-1.png"&gt;&lt;img src="selenium-screenshot-1.png" width="800px"&gt;&lt;/a&gt;</msg>
<status status="PASS" starttime="20210528 14:49:41.865" endtime="20210528 14:49:41.917"></status>
</kw>
<msg timestamp="20210528 14:49:41.920" level="FAIL">Element 'xpath=//*[@id="resultDiv"]' did not get text 'The factorial of 999 is: Infinity' in 5 seconds.</msg>
<status status="FAIL" starttime="20210528 14:49:36.700" endtime="20210528 14:49:41.920"></status>
</kw>
<status status="FAIL" starttime="20210528 14:49:36.699" endtime="20210528 14:49:41.920"></status>
</kw>
<status status="FAIL" starttime="20210528 14:49:36.698" endtime="20210528 14:49:41.920"></status>
</kw>
<status status="FAIL" starttime="20210528 14:49:36.698" endtime="20210528 14:49:41.921"></status>
</kw>
<kw name="Close All Browsers" library="SeleniumLibrary" type="teardown">
<doc>Closes all open browsers and resets the browser cache.</doc>
<status status="PASS" starttime="20210528 14:49:41.921" endtime="20210528 14:49:43.984"></status>
</kw>
<tags>
<tag>Frontend Tests</tag>
</tags>
<status status="FAIL" starttime="20210528 14:49:34.468" endtime="20210528 14:49:43.985" critical="yes">Element 'xpath=//*[@id="resultDiv"]' did not get text 'The factorial of 999 is: Infinity' in 5 seconds.</status>
</test>
<test id="s1-s2-t9" name="Assert Negative Integer Input Type Message">
<kw name="Given I open a headless browser" library="challenge_steps">
<kw name="Open Browser" library="SeleniumLibrary">
<doc>Opens a new browser instance to the optional ``url``.</doc>
<arguments>
<arg>about:blank</arg>
<arg>headlesschrome</arg>
</arguments>
<msg timestamp="20210528 14:49:43.991" level="INFO">Opening browser 'headlesschrome' to base url 'about:blank'.</msg>
<status status="PASS" starttime="20210528 14:49:43.991" endtime="20210528 14:49:45.232"></status>
</kw>
<status status="PASS" starttime="20210528 14:49:43.990" endtime="20210528 14:49:45.232"></status>
</kw>
<kw name="When I navigate to the Factorial website" library="challenge_steps">
<kw name="Go To" library="SeleniumLibrary">
<doc>Navigates the current browser window to the provided ``url``.</doc>
<arguments>
<arg>${home_url}</arg>
</arguments>
<msg timestamp="20210528 14:49:45.234" level="INFO">Opening url 'http://qainterview.pythonanywhere.com'</msg>
<status status="PASS" starttime="20210528 14:49:45.233" endtime="20210528 14:49:45.924"></status>
</kw>
<kw name="Wait Until Element Contains" library="SeleniumLibrary">
<doc>Waits until the element ``locator`` contains ``text``.</doc>
<arguments>
<arg>${h1_title}</arg>
<arg>The greatest factorial calculator!</arg>
</arguments>
<status status="PASS" starttime="20210528 14:49:45.925" endtime="20210528 14:49:45.952"></status>
</kw>
<status status="PASS" starttime="20210528 14:49:45.233" endtime="20210528 14:49:45.952"></status>
</kw>
<kw name="And I enter the interger -2 and Select Calculate" library="challenge_steps">
<kw name="Input Text" library="SeleniumLibrary">
<doc>Types the given ``text`` into the text field identified by ``locator``.</doc>
<arguments>
<arg>${integer_textfield}</arg>
<arg>${integer}</arg>
</arguments>
<msg timestamp="20210528 14:49:45.954" level="INFO">Typing text '-2' into text field 'xpath=//*[@id="number"]'.</msg>
<status status="PASS" starttime="20210528 14:49:45.953" endtime="20210528 14:49:46.039"></status>
</kw>
<kw name="Click Button" library="SeleniumLibrary">
<doc>Clicks the button identified by ``locator``.</doc>
<arguments>
<arg>${calculate_button}</arg>
</arguments>
<msg timestamp="20210528 14:49:46.040" level="INFO">Clicking button 'xpath=//*[@id="getFactorial"]'.</msg>
<status status="PASS" starttime="20210528 14:49:46.039" endtime="20210528 14:49:46.116"></status>
</kw>
<kw name="Set Global Variable" library="BuiltIn">
<doc>Makes a variable available globally in all tests and suites.</doc>
<arguments>
<arg>${integer}</arg>
</arguments>
<msg timestamp="20210528 14:49:46.117" level="INFO">${integer} = -2</msg>
<status status="PASS" starttime="20210528 14:49:46.116" endtime="20210528 14:49:46.117"></status>
</kw>
<kw name="Log To Console" library="BuiltIn">
<doc>Logs the given message to the console.</doc>
<arguments>
<arg>${integer}</arg>
</arguments>
<status status="PASS" starttime="20210528 14:49:46.118" endtime="20210528 14:49:46.119"></status>
</kw>
<status status="PASS" starttime="20210528 14:49:45.953" endtime="20210528 14:49:46.119"></status>
</kw>
<kw name="Then I should see the correct result for -2" library="challenge_steps">
<kw name="Run Keyword If" library="BuiltIn">
<doc>Runs the given keyword with the given arguments, if ``condition`` is true.</doc>
<arguments>
<arg>${integer}== abc</arg>
<arg>Assert Results for invalid value</arg>
<arg>ELSE IF</arg>
<arg>${integer}== -2</arg>
<arg>Assert Results for invalid value</arg>
<arg>ELSE IF</arg>
<arg>${integer}== 0.2</arg>
<arg>Assert Results for invalid value</arg>
<arg>ELSE IF</arg>
<arg>${integer}== 0</arg>
<arg>Assert Results for value 0</arg>
<arg>ELSE IF</arg>
<arg>${integer}== 5</arg>
<arg>Assert Results for value 5</arg>
<arg>ELSE IF</arg>
<arg>${integer}== 100</arg>
<arg>Assert Results for value 100</arg>
<arg>ELSE IF</arg>
<arg>${integer}&gt;= 171</arg>
<arg>Assert Results for value limit</arg>
</arguments>
<kw name="Assert Results for invalid value" library="page_assertion_keywords">
<kw name="Wait Until Element Contains" library="SeleniumLibrary">
<doc>Waits until the element ``locator`` contains ``text``.</doc>
<arguments>
<arg>${result_text}</arg>
<arg>Please enter an integer</arg>
</arguments>
<kw name="Capture Page Screenshot" library="SeleniumLibrary">
<doc>Takes a screenshot of the current page and embeds it into a log file.</doc>
<msg timestamp="20210528 14:49:51.280" level="INFO" html="yes">&lt;/td&gt;&lt;/tr&gt;&lt;tr&gt;&lt;td colspan="3"&gt;&lt;a href="selenium-screenshot-2.png"&gt;&lt;img src="selenium-screenshot-2.png" width="800px"&gt;&lt;/a&gt;</msg>
<status status="PASS" starttime="20210528 14:49:51.207" endtime="20210528 14:49:51.280"></status>
</kw>
<msg timestamp="20210528 14:49:51.280" level="FAIL">Element 'xpath=//*[@id="resultDiv"]' did not get text 'Please enter an integer' in 5 seconds.</msg>
<status status="FAIL" starttime="20210528 14:49:46.121" endtime="20210528 14:49:51.281"></status>
</kw>
<status status="FAIL" starttime="20210528 14:49:46.120" endtime="20210528 14:49:51.281"></status>
</kw>
<status status="FAIL" starttime="20210528 14:49:46.120" endtime="20210528 14:49:51.281"></status>
</kw>
<status status="FAIL" starttime="20210528 14:49:46.119" endtime="20210528 14:49:51.281"></status>
</kw>
<kw name="Close All Browsers" library="SeleniumLibrary" type="teardown">
<doc>Closes all open browsers and resets the browser cache.</doc>
<status status="PASS" starttime="20210528 14:49:51.282" endtime="20210528 14:49:53.355"></status>
</kw>
<tags>
<tag>Frontend Tests</tag>
</tags>
<status status="FAIL" starttime="20210528 14:49:43.990" endtime="20210528 14:49:53.356" critical="yes">Element 'xpath=//*[@id="resultDiv"]' did not get text 'Please enter an integer' in 5 seconds.</status>
</test>
<test id="s1-s2-t10" name="Assert Terms &amp; Conditions Page Navigation">
<kw name="Given I open a headless browser" library="challenge_steps">
<kw name="Open Browser" library="SeleniumLibrary">
<doc>Opens a new browser instance to the optional ``url``.</doc>
<arguments>
<arg>about:blank</arg>
<arg>headlesschrome</arg>
</arguments>
<msg timestamp="20210528 14:49:53.362" level="INFO">Opening browser 'headlesschrome' to base url 'about:blank'.</msg>
<status status="PASS" starttime="20210528 14:49:53.362" endtime="20210528 14:49:54.493"></status>
</kw>
<status status="PASS" starttime="20210528 14:49:53.362" endtime="20210528 14:49:54.493"></status>
</kw>
<kw name="When I navigate to the Factorial website" library="challenge_steps">
<kw name="Go To" library="SeleniumLibrary">
<doc>Navigates the current browser window to the provided ``url``.</doc>
<arguments>
<arg>${home_url}</arg>
</arguments>
<msg timestamp="20210528 14:49:54.495" level="INFO">Opening url 'http://qainterview.pythonanywhere.com'</msg>
<status status="PASS" starttime="20210528 14:49:54.494" endtime="20210528 14:49:55.129"></status>
</kw>
<kw name="Wait Until Element Contains" library="SeleniumLibrary">
<doc>Waits until the element ``locator`` contains ``text``.</doc>
<arguments>
<arg>${h1_title}</arg>
<arg>The greatest factorial calculator!</arg>
</arguments>
<status status="PASS" starttime="20210528 14:49:55.129" endtime="20210528 14:49:55.156"></status>
</kw>
<status status="PASS" starttime="20210528 14:49:54.494" endtime="20210528 14:49:55.156"></status>
</kw>
<kw name="And I click on the terms and conditions link" library="challenge_steps">
<kw name="Click Element" library="SeleniumLibrary">
<doc>Click the element identified by ``locator``.</doc>
<arguments>
<arg>${terms_and_conditions_link_button}</arg>
</arguments>
<msg timestamp="20210528 14:49:55.157" level="INFO">Clicking element 'xpath=//*[contains(text(),"Terms and Conditions")]'.</msg>
<status status="PASS" starttime="20210528 14:49:55.157" endtime="20210528 14:49:55.330"></status>
</kw>
<status status="PASS" starttime="20210528 14:49:55.156" endtime="20210528 14:49:55.330"></status>
</kw>
<kw name="Then I should land on the terms and conditions page" library="challenge_steps">
<kw name="Wait Until Location Is" library="SeleniumLibrary">
<doc>Waits until the current URL is ``expected``.</doc>
<arguments>
<arg>${terms_url}</arg>
</arguments>
<kw name="Capture Page Screenshot" library="SeleniumLibrary">
<doc>Takes a screenshot of the current page and embeds it into a log file.</doc>
<msg timestamp="20210528 14:50:00.424" level="INFO" html="yes">&lt;/td&gt;&lt;/tr&gt;&lt;tr&gt;&lt;td colspan="3"&gt;&lt;a href="selenium-screenshot-3.png"&gt;&lt;img src="selenium-screenshot-3.png" width="800px"&gt;&lt;/a&gt;</msg>
<status status="PASS" starttime="20210528 14:50:00.343" endtime="20210528 14:50:00.425"></status>
</kw>
<msg timestamp="20210528 14:50:00.426" level="FAIL">Location did not become 'http://qainterview.pythonanywhere.com/terms' in 5 seconds.</msg>
<status status="FAIL" starttime="20210528 14:49:55.331" endtime="20210528 14:50:00.426"></status>
</kw>
<status status="FAIL" starttime="20210528 14:49:55.331" endtime="20210528 14:50:00.426"></status>
</kw>
<kw name="Close All Browsers" library="SeleniumLibrary" type="teardown">
<doc>Closes all open browsers and resets the browser cache.</doc>
<status status="PASS" starttime="20210528 14:50:00.428" endtime="20210528 14:50:02.534"></status>
</kw>
<tags>
<tag>Frontend Tests</tag>
</tags>
<status status="FAIL" starttime="20210528 14:49:53.361" endtime="20210528 14:50:02.537" critical="yes">Location did not become 'http://qainterview.pythonanywhere.com/terms' in 5 seconds.</status>
</test>
<test id="s1-s2-t11" name="Assert Privacy Page Navigation">
<kw name="Given I open a headless browser" library="challenge_steps">
<kw name="Open Browser" library="SeleniumLibrary">
<doc>Opens a new browser instance to the optional ``url``.</doc>
<arguments>
<arg>about:blank</arg>
<arg>headlesschrome</arg>
</arguments>
<msg timestamp="20210528 14:50:02.552" level="INFO">Opening browser 'headlesschrome' to base url 'about:blank'.</msg>
<status status="PASS" starttime="20210528 14:50:02.550" endtime="20210528 14:50:03.585"></status>
</kw>
<status status="PASS" starttime="20210528 14:50:02.548" endtime="20210528 14:50:03.585"></status>
</kw>
<kw name="When I navigate to the Factorial website" library="challenge_steps">
<kw name="Go To" library="SeleniumLibrary">
<doc>Navigates the current browser window to the provided ``url``.</doc>
<arguments>
<arg>${home_url}</arg>
</arguments>
<msg timestamp="20210528 14:50:03.587" level="INFO">Opening url 'http://qainterview.pythonanywhere.com'</msg>
<status status="PASS" starttime="20210528 14:50:03.587" endtime="20210528 14:50:04.272"></status>
</kw>
<kw name="Wait Until Element Contains" library="SeleniumLibrary">
<doc>Waits until the element ``locator`` contains ``text``.</doc>
<arguments>
<arg>${h1_title}</arg>
<arg>The greatest factorial calculator!</arg>
</arguments>
<status status="PASS" starttime="20210528 14:50:04.272" endtime="20210528 14:50:04.316"></status>
</kw>
<status status="PASS" starttime="20210528 14:50:03.587" endtime="20210528 14:50:04.317"></status>
</kw>
<kw name="And I click on the privacy link" library="challenge_steps">
<kw name="Click Element" library="SeleniumLibrary">
<doc>Click the element identified by ``locator``.</doc>
<arguments>
<arg>${privacy_link_button}</arg>
</arguments>
<msg timestamp="20210528 14:50:04.320" level="INFO">Clicking element 'xpath=//*[contains(text(),"Privacy")]'.</msg>
<status status="PASS" starttime="20210528 14:50:04.319" endtime="20210528 14:50:04.553"></status>
</kw>
<status status="PASS" starttime="20210528 14:50:04.318" endtime="20210528 14:50:04.553"></status>
</kw>
<kw name="Then I should land on the privacy page" library="challenge_steps">
<kw name="Wait Until Location Is" library="SeleniumLibrary">
<doc>Waits until the current URL is ``expected``.</doc>
<arguments>
<arg>${privacy_url}</arg>
</arguments>
<kw name="Capture Page Screenshot" library="SeleniumLibrary">
<doc>Takes a screenshot of the current page and embeds it into a log file.</doc>
<msg timestamp="20210528 14:50:09.836" level="INFO" html="yes">&lt;/td&gt;&lt;/tr&gt;&lt;tr&gt;&lt;td colspan="3"&gt;&lt;a href="selenium-screenshot-4.png"&gt;&lt;img src="selenium-screenshot-4.png" width="800px"&gt;&lt;/a&gt;</msg>
<status status="PASS" starttime="20210528 14:50:09.766" endtime="20210528 14:50:09.836"></status>
</kw>
<msg timestamp="20210528 14:50:09.837" level="FAIL">Location did not become 'http://qainterview.pythonanywhere.com/privacy' in 5 seconds.</msg>
<status status="FAIL" starttime="20210528 14:50:04.556" endtime="20210528 14:50:09.837"></status>
</kw>
<status status="FAIL" starttime="20210528 14:50:04.555" endtime="20210528 14:50:09.837"></status>
</kw>
<kw name="Close All Browsers" library="SeleniumLibrary" type="teardown">
<doc>Closes all open browsers and resets the browser cache.</doc>
<status status="PASS" starttime="20210528 14:50:09.838" endtime="20210528 14:50:11.909"></status>
</kw>
<tags>
<tag>Frontend Tests</tag>
</tags>
<status status="FAIL" starttime="20210528 14:50:02.544" endtime="20210528 14:50:11.910" critical="yes">Location did not become 'http://qainterview.pythonanywhere.com/privacy' in 5 seconds.</status>
</test>
<test id="s1-s2-t12" name="Assert Company Page Navigation">
<kw name="Given I open a headless browser" library="challenge_steps">
<kw name="Open Browser" library="SeleniumLibrary">
<doc>Opens a new browser instance to the optional ``url``.</doc>
<arguments>
<arg>about:blank</arg>
<arg>headlesschrome</arg>
</arguments>
<msg timestamp="20210528 14:50:11.921" level="INFO">Opening browser 'headlesschrome' to base url 'about:blank'.</msg>
<status status="PASS" starttime="20210528 14:50:11.921" endtime="20210528 14:50:12.968"></status>
</kw>
<status status="PASS" starttime="20210528 14:50:11.920" endtime="20210528 14:50:12.968"></status>
</kw>
<kw name="When I navigate to the Factorial website" library="challenge_steps">
<kw name="Go To" library="SeleniumLibrary">
<doc>Navigates the current browser window to the provided ``url``.</doc>
<arguments>
<arg>${home_url}</arg>
</arguments>
<msg timestamp="20210528 14:50:12.970" level="INFO">Opening url 'http://qainterview.pythonanywhere.com'</msg>
<status status="PASS" starttime="20210528 14:50:12.969" endtime="20210528 14:50:13.654"></status>
</kw>
<kw name="Wait Until Element Contains" library="SeleniumLibrary">
<doc>Waits until the element ``locator`` contains ``text``.</doc>
<arguments>
<arg>${h1_title}</arg>
<arg>The greatest factorial calculator!</arg>
</arguments>
<status status="PASS" starttime="20210528 14:50:13.654" endtime="20210528 14:50:13.682"></status>
</kw>
<status status="PASS" starttime="20210528 14:50:12.969" endtime="20210528 14:50:13.682"></status>
</kw>
<kw name="And I click on the company footer link" library="challenge_steps">
<kw name="Click Element" library="SeleniumLibrary">
<doc>Click the element identified by ``locator``.</doc>
<arguments>
<arg>${company_link_button}</arg>
</arguments>
<msg timestamp="20210528 14:50:13.683" level="INFO">Clicking element 'xpath=//*[contains(text(),"Qxf2 Services")]'.</msg>
<status status="PASS" starttime="20210528 14:50:13.683" endtime="20210528 14:50:15.862"></status>
</kw>
<status status="PASS" starttime="20210528 14:50:13.683" endtime="20210528 14:50:15.862"></status>
</kw>
<kw name="Then I should land on the company page" library="challenge_steps">
<kw name="Wait Until Location Is" library="SeleniumLibrary">
<doc>Waits until the current URL is ``expected``.</doc>
<arguments>
<arg>${company_url}</arg>
</arguments>
<status status="PASS" starttime="20210528 14:50:15.865" endtime="20210528 14:50:15.873"></status>
</kw>
<kw name="Wait Until Page Contains" library="SeleniumLibrary">
<doc>Waits until ``text`` appears on the current page.</doc>
<arguments>
<arg>QA for startups</arg>
</arguments>
<status status="PASS" starttime="20210528 14:50:15.873" endtime="20210528 14:50:15.888"></status>
</kw>
<status status="PASS" starttime="20210528 14:50:15.864" endtime="20210528 14:50:15.888"></status>
</kw>
<kw name="Close All Browsers" library="SeleniumLibrary" type="teardown">
<doc>Closes all open browsers and resets the browser cache.</doc>
<status status="PASS" starttime="20210528 14:50:15.889" endtime="20210528 14:50:17.958"></status>
</kw>
<tags>
<tag>Frontend Tests</tag>
</tags>
<status status="PASS" starttime="20210528 14:50:11.919" endtime="20210528 14:50:17.959" critical="yes"></status>
</test>
<doc>Autotest Challenge Frontend Tests</doc>
<status status="FAIL" starttime="20210528 14:49:02.112" endtime="20210528 14:50:17.964"></status>
</suite>
<status status="FAIL" starttime="20210528 14:48:58.406" endtime="20210528 14:50:17.979"></status>
</suite>
<statistics>
<total>
<stat pass="12" fail="10">Critical Tests</stat>
<stat pass="12" fail="10">All Tests</stat>
</total>
<tag>
<stat pass="4" fail="6">API Tests</stat>
<stat pass="8" fail="4">Frontend Tests</stat>
</tag>
<suite>
<stat pass="12" fail="10" id="s1" name="Tests">Tests</stat>
<stat pass="4" fail="6" id="s1-s1" name="Challenge API Tests">Tests.Challenge API Tests</stat>
<stat pass="8" fail="4" id="s1-s2" name="Challenge Frontend Tests">Tests.Challenge Frontend Tests</stat>
</suite>
</statistics>
<errors>
</errors>
</robot>
